
<!DOCTYPE html>
<html>


<head>
	<meta charset='utf-8' /> 
	<meta name='description' content='' />
	<meta name='robots' content='noodp, noydir' />
	<meta name='viewport' content='width=device-width, initial-scale=1' />
	<meta id="timeStampFormat" name="timeStampFormat" content='MMM d, yyyy hh:mm:ss a'/>
	
	<link href='https://fonts.googleapis.com/css?family=Source+Sans+Pro:400,600' rel='stylesheet' type='text/css'>
	<link href="https://fonts.googleapis.com/icon?family=Material+Icons" rel="stylesheet">

		<link href='http://extentreports.com/resx/dist/css/extent.css' type='text/css' rel='stylesheet' />
	
	<title>api自动化测试报告</title>

	<style type='text/css'>
		.node.level-1  ul{ display:none;} .node.level-1.active ul{display:block;}
	</style>
</head>

	<body class='extent standard default hide-overflow '>
		<div id='theme-selector' alt='Click to toggle theme. To enable by default, use theme configuration.' title='Click to toggle theme. To enable by default, use theme configuration.'>
			<span><i class='material-icons'>desktop_windows</i></span>
		</div>

<nav>
	<div class="nav-wrapper">
		<a href="#!" class="brand-logo blue darken-3">Extent</a>

		<!-- slideout menu -->
		<ul id='slide-out' class='side-nav fixed hide-on-med-and-down'>
			<li class='waves-effect active'><a href='#!' view='test-view' onclick="configureView(0);chartsView('test');"><i class='material-icons'>dashboard</i></a></li>
						<li class='waves-effect'><a href='#!' view='exception-view' onclick="configureView(2)"><i class='material-icons'>bug_report</i></a></li>
			<li class='waves-effect'><a href='#!' onclick="configureView(-1);chartsView('dashboard');" view='dashboard-view'><i class='material-icons'>track_changes</i></i></a></li>
		</ul>

		<!-- report name -->
		<span class='report-name'>api自动化测试报告</span>
		
		<!-- report headline -->
		<span class='report-headline'></span>

		<!-- nav-right -->
		<ul id='nav-mobile' class='right hide-on-med-and-down nav-right'>
			<li>
                <a href='#!'>
                    <span class='label suite-start-time blue darken-3'>Apr 25, 2019 04:36:05 PM</span>
				</a>
			</li>
			<li>
                <a href='#!'>
                    <span class='label blue darken-3'>v3.0.6</span>
				</a>
			</li>
		</ul>
	</div>
</nav>

		<!-- container -->
		<div class='container'>

<div id='test-view' class='view'>
				
	<section id='controls'>
		<div class='controls grey lighten-4'>
			<!-- test toggle -->
			<div class='chip transparent'>
				<a class='dropdown-button tests-toggle' data-activates='tests-toggle' data-constrainwidth='true' data-beloworigin='true' data-hover='true' href='#'>
					<i class='material-icons'>warning</i> Status
				</a>
				<ul id='tests-toggle' class='dropdown-content'>
											<li status='pass'><a href='#!'>Pass <i class='material-icons green-text'>check_circle</i></a></li>
						<li status='fail'><a href='#!'>Fail <i class='material-icons red-text'>cancel</i></a></li>
					<li class='divider'></li>
					<li status='clear' clear='true'><a href='#!'>Clear Filters <i class='material-icons'>clear</i></a></li>
				</ul>
			</div>
			<!-- test toggle -->

			<!-- category toggle -->
			<!-- category toggle -->

			<!-- clear filters -->
			<div class='chip transparent hide'>
				<a class='' id='clear-filters' alt='Clear Filters' title='Clear Filters'>
					<i class='material-icons'>close</i> Clear
				</a>
			</div>
			<!-- clear filters -->

			<!-- enable dashboard -->
			<div id='toggle-test-view-charts' class='chip transparent'>
				<a class='pink-text' id='enable-dashboard' alt='Enable Dashboard' title='Enable Dashboard'>
					<i class='material-icons'>track_changes</i> Dashboard
				</a>
			</div>
			<!-- enable dashboard -->

			<!-- search -->
			<div class='chip transparent' alt='Search Tests' title='Search Tests'>
				<a href="#" class='search-div'>
					<i class='material-icons'>search</i> Search
				</a>

				<div class='input-field left hide'>
					<input id='search-tests' type='text' class='validate browser-default' placeholder='Search Tests...'>
				</div>
				
			</div>
			<!-- search -->
		</div>
	</section>


<div id='test-view-charts' class='subview-full'>
	<div id='charts-row' class='row nm-v nm-h'>
		<div class='col s12 m6 l6 np-h'>
			<div class='card-panel nm-v'>
				<div class='left panel-name'>Tests</div>
				<div class='chart-box'>
					<canvas id='parent-analysis' width='100' height='80'></canvas>
				</div>
				<div class='block text-small'>
					<span class='tooltipped' data-position='top' data-tooltip='15.385%'><span class='strong'>2</span> test(s) passed</span>
				</div>
				<div class='block text-small'>
					<span class='strong tooltipped' data-position='top' data-tooltip='84.615%'>11</span> test(s) failed, <span class='strong tooltipped' data-position='top' data-tooltip='0%'>0</span> others
				</div>
			</div>
		</div>
		
		<div class='col s12 m6 l6 np-h'>
			<div class='card-panel nm-v'>
				<div class='left panel-name'>Steps</div>
				<div class='chart-box'>
					<canvas id='child-analysis' width='100' height='80'></canvas>
				</div>
				<div class='block text-small'>
					<span class='tooltipped' data-position='top' data-tooltip='15.385%'><span class='strong'>2</span> step(s) passed</span>
				</div>
				<div class='block text-small'>
					<span class='strong tooltipped' data-position='top' data-tooltip='84.615%'>11</span> step(s) failed, <span class='strong tooltipped' data-position='top' data-tooltip='0%'>0</span> others
				</div>
			</div>
		</div>
		
	</div>
</div>

	<div class='subview-left left'>
		
		<div class='view-summary'>
			<h5>Tests</h5>
			<ul id='test-collection' class='test-collection'>
				
				
				<li class='test displayed active  fail' status='fail' bdd='false' test-id='1'>
					<div class='test-heading'>
						<span class='test-name'>N方案号码_签名错误_无数据返回</span>
						<span class='test-time'>Apr 25, 2019 04:36:05 PM</span>
						<span class='test-status right fail'>fail</span>
					</div>
					<div class='test-content hide'>
<div class='test-time-info'>
	<span class='label start-time'>Apr 25, 2019 04:36:05 PM</span>
	<span class='label end-time'>Apr 25, 2019 04:36:07 PM</span>
	<span class='label time-taken grey lighten-1 white-text'>0h 0m 1s+194ms</span>
</div>
	<div class='test-steps'>
		<table class='bordered table-results'>
			<thead>
				<tr>
					<th>Status</th>
					<th>Timestamp</th>
					<th>Details</th>
				</tr>
			</thead>
			<tbody>
				<tr class='log' status='debug'>
					<td class='status debug' title='debug' alt='debug'><i class='material-icons'>low_priority</i></td>
					<td class='timestamp'>4:36:08 PM</td>
					<td class='step-details'>======================start=========================</td>
				</tr>
				<tr class='log' status='debug'>
					<td class='status debug' title='debug' alt='debug'><i class='material-icons'>low_priority</i></td>
					<td class='timestamp'>4:36:08 PM</td>
					<td class='step-details'>测试地址:http://192.168.101.214:8398/business/pubinfo/identify</td>
				</tr>
				<tr class='log' status='debug'>
					<td class='status debug' title='debug' alt='debug'><i class='material-icons'>low_priority</i></td>
					<td class='timestamp'>4:36:08 PM</td>
					<td class='step-details'>用例编号:20</td>
				</tr>
				<tr class='log' status='debug'>
					<td class='status debug' title='debug' alt='debug'><i class='material-icons'>low_priority</i></td>
					<td class='timestamp'>4:36:08 PM</td>
					<td class='step-details'>用例名称:N方案号码_签名错误_无数据返回</td>
				</tr>
				<tr class='log' status='debug'>
					<td class='status debug' title='debug' alt='debug'><i class='material-icons'>low_priority</i></td>
					<td class='timestamp'>4:36:08 PM</td>
					<td class='step-details'>请求头:{"uid":"64f2f9ea0a9b9d437143e89d7047aec670c2009f6eefea9c5ada3d2abde1cc4b","crypt":"3","tk":"DXe1PJzx//3E31vkpIymKSrPyBsbFkbFDjgByWiFfe8sWkgP9wuL1kj/9dhsy9SNayubK7nhwK8PCLupcJQ5/KLAhGQMp2W9vgi95FUZtbk=","apiver":"2","User-Agent":"Dalvik/2.1.0 (Linux; U; Android 7.0.0; M6 Note Build/NRD90M)","sdkver":"201607011616","chan":"LETV","dp":"0831d617944f2fd667513f1030723d4a","nz":"1","uiver":"201502020000"}</td>
				</tr>
				<tr class='log' status='debug'>
					<td class='status debug' title='debug' alt='debug'><i class='material-icons'>low_priority</i></td>
					<td class='timestamp'>4:36:08 PM</td>
					<td class='step-details'>请求体:{"p":"8a06bb87ebab640320644ea38a45ab22ede371bfade35150576dbe5c4af3dd03","numParams":[{"iccid":"2","mnc":"2","requestType":"2","ci":"2","imsi":"2","mcc":"2","numList":[{"menuVersion":"20181226010134","ac":"2","f":"2","num":"60499105401","sign":"31bb0f644abda30f7aadfcd9e34131abb95a35cc3f95f4408b41bdb785e22331","versionCode":"2010010101011","tc":"2","dt":"2","rc":"2","pubVersion":"20190327084537","areaCode":"CN","sg":"tsf","subVersion":"20190313115128","ec":"2"}],"cnum":"2","lac":"2"}],"timemills":1554881233711}</td>
				</tr>
				<tr class='log' status='debug'>
					<td class='status debug' title='debug' alt='debug'><i class='material-icons'>low_priority</i></td>
					<td class='timestamp'>4:36:08 PM</td>
					<td class='step-details'>======================返回体=========================</td>
				</tr>
				<tr class='log' status='debug'>
					<td class='status debug' title='debug' alt='debug'><i class='material-icons'>low_priority</i></td>
					<td class='timestamp'>4:36:08 PM</td>
					<td class='step-details'>响应体:{"desc":"OK_NO_VALUE","status":3}</td>
				</tr>
				<tr class='log' status='debug'>
					<td class='status debug' title='debug' alt='debug'><i class='material-icons'>low_priority</i></td>
					<td class='timestamp'>4:36:08 PM</td>
					<td class='step-details'>响应耗时:56</td>
				</tr>
				<tr class='log' status='fail'>
					<td class='status fail' title='fail' alt='fail'><i class='material-icons'>cancel</i></td>
					<td class='timestamp'>4:36:08 PM</td>
					<td class='step-details'><pre>java.lang.AssertionError: 不匹配 expected [0] but found [1]
	at org.testng.Assert.fail(Assert.java:94)
	at org.testng.Assert.failNotEquals(Assert.java:494)
	at org.testng.Assert.assertEquals(Assert.java:123)
	at org.testng.Assert.assertEquals(Assert.java:176)
	at TestCase.excuseTest.ExcuseNewPub_Identify.test(ExcuseNewPub_Identify.java:154)
	at sun.reflect.NativeMethodAccessorImpl.invoke0(Native Method)
	at sun.reflect.NativeMethodAccessorImpl.invoke(NativeMethodAccessorImpl.java:62)
	at sun.reflect.DelegatingMethodAccessorImpl.invoke(DelegatingMethodAccessorImpl.java:43)
	at java.lang.reflect.Method.invoke(Method.java:498)
	at org.testng.internal.MethodInvocationHelper.invokeMethod(MethodInvocationHelper.java:85)
	at org.testng.internal.Invoker.invokeMethod(Invoker.java:696)
	at org.testng.internal.Invoker.invokeTestMethod(Invoker.java:882)
	at org.testng.internal.Invoker.invokeTestMethods(Invoker.java:1189)
	at org.testng.internal.TestMethodWorker.invokeTestMethods(TestMethodWorker.java:124)
	at org.testng.internal.TestMethodWorker.run(TestMethodWorker.java:108)
	at org.testng.TestRunner.privateRun(TestRunner.java:767)
	at org.testng.TestRunner.run(TestRunner.java:617)
	at org.testng.SuiteRunner.runTest(SuiteRunner.java:348)
	at org.testng.SuiteRunner.runSequentially(SuiteRunner.java:343)
	at org.testng.SuiteRunner.privateRun(SuiteRunner.java:305)
	at org.testng.SuiteRunner.run(SuiteRunner.java:254)
	at org.testng.SuiteRunnerWorker.runSuite(SuiteRunnerWorker.java:52)
	at org.testng.SuiteRunnerWorker.run(SuiteRunnerWorker.java:86)
	at org.testng.TestNG.runSuitesSequentially(TestNG.java:1224)
	at org.testng.TestNG.runSuitesLocally(TestNG.java:1149)
	at org.testng.TestNG.run(TestNG.java:1057)
	at org.testng.IDEARemoteTestNG.run(IDEARemoteTestNG.java:72)
	at org.testng.RemoteTestNGStarter.main(RemoteTestNGStarter.java:123)
</pre></td>
				</tr>
			</tbody>
		</table>
	</div>
					</div>
				</li>
				
				
				<li class='test displayed active  fail' status='fail' bdd='false' test-id='2'>
					<div class='test-heading'>
						<span class='test-name'>N方案号码_签名正确_正确识别</span>
						<span class='test-time'>Apr 25, 2019 04:36:07 PM</span>
						<span class='test-status right fail'>fail</span>
					</div>
					<div class='test-content hide'>
<div class='test-time-info'>
	<span class='label start-time'>Apr 25, 2019 04:36:07 PM</span>
	<span class='label end-time'>Apr 25, 2019 04:36:07 PM</span>
	<span class='label time-taken grey lighten-1 white-text'>0h 0m 0s+133ms</span>
</div>
	<div class='test-steps'>
		<table class='bordered table-results'>
			<thead>
				<tr>
					<th>Status</th>
					<th>Timestamp</th>
					<th>Details</th>
				</tr>
			</thead>
			<tbody>
				<tr class='log' status='debug'>
					<td class='status debug' title='debug' alt='debug'><i class='material-icons'>low_priority</i></td>
					<td class='timestamp'>4:36:08 PM</td>
					<td class='step-details'>======================start=========================</td>
				</tr>
				<tr class='log' status='debug'>
					<td class='status debug' title='debug' alt='debug'><i class='material-icons'>low_priority</i></td>
					<td class='timestamp'>4:36:08 PM</td>
					<td class='step-details'>测试地址:http://192.168.101.214:8398/business/pubinfo/identify</td>
				</tr>
				<tr class='log' status='debug'>
					<td class='status debug' title='debug' alt='debug'><i class='material-icons'>low_priority</i></td>
					<td class='timestamp'>4:36:08 PM</td>
					<td class='step-details'>用例编号:21</td>
				</tr>
				<tr class='log' status='debug'>
					<td class='status debug' title='debug' alt='debug'><i class='material-icons'>low_priority</i></td>
					<td class='timestamp'>4:36:08 PM</td>
					<td class='step-details'>用例名称:N方案号码_签名正确_正确识别</td>
				</tr>
				<tr class='log' status='debug'>
					<td class='status debug' title='debug' alt='debug'><i class='material-icons'>low_priority</i></td>
					<td class='timestamp'>4:36:08 PM</td>
					<td class='step-details'>请求头:{"uid":"64f2f9ea0a9b9d437143e89d7047aec670c2009f6eefea9c5ada3d2abde1cc4b","crypt":"3","tk":"+qyKkjynMiMm8pZnbJH2AVM9HCNDKFTsv9iup9Uj8ilp/ta9SSiSxpnpwQme0GoPC4Z+kZtN2l4RQC1LKOTDynGYvIcrQTf9J7J8F9xWET4=","apiver":"2","User-Agent":"Dalvik/2.1.0 (Linux; U; Android 7.0.0; M6 Note Build/NRD90M)","sdkver":"201607011616","chan":"LETV","dp":"0831d617944f2fd667513f1030723d4a","nz":"1","uiver":"201502020000"}</td>
				</tr>
				<tr class='log' status='debug'>
					<td class='status debug' title='debug' alt='debug'><i class='material-icons'>low_priority</i></td>
					<td class='timestamp'>4:36:08 PM</td>
					<td class='step-details'>请求体:{"p":"8a06bb87ebab640320644ea38a45ab22ede371bfade35150576dbe5c4af3dd03","numParams":[{"iccid":"2","mnc":"2","requestType":"2","ci":"2","imsi":"2","mcc":"2","numList":[{"menuVersion":"20181226010134","ac":"2","f":"2","num":"60499105401","sign":"9326113dfd6d87626a12da1da461640ec53febc7cf9e5cf8aaca57c4ec4f4268","versionCode":"2010010101011","tc":"2","dt":"2","rc":"2","pubVersion":"20190327084537","areaCode":"CN","sg":"tsf","subVersion":"20190313115128","ec":"2"}],"cnum":"2","lac":"2"}],"timemills":1554881303711}</td>
				</tr>
				<tr class='log' status='debug'>
					<td class='status debug' title='debug' alt='debug'><i class='material-icons'>low_priority</i></td>
					<td class='timestamp'>4:36:08 PM</td>
					<td class='step-details'>======================返回体=========================</td>
				</tr>
				<tr class='log' status='debug'>
					<td class='status debug' title='debug' alt='debug'><i class='material-icons'>low_priority</i></td>
					<td class='timestamp'>4:36:08 PM</td>
					<td class='step-details'>响应体:{"desc":"OK_NO_VALUE","status":3}</td>
				</tr>
				<tr class='log' status='debug'>
					<td class='status debug' title='debug' alt='debug'><i class='material-icons'>low_priority</i></td>
					<td class='timestamp'>4:36:08 PM</td>
					<td class='step-details'>响应耗时:0</td>
				</tr>
				<tr class='log' status='fail'>
					<td class='status fail' title='fail' alt='fail'><i class='material-icons'>cancel</i></td>
					<td class='timestamp'>4:36:08 PM</td>
					<td class='step-details'><pre>java.lang.AssertionError: 不匹配 expected [0] but found [1]
	at org.testng.Assert.fail(Assert.java:94)
	at org.testng.Assert.failNotEquals(Assert.java:494)
	at org.testng.Assert.assertEquals(Assert.java:123)
	at org.testng.Assert.assertEquals(Assert.java:176)
	at TestCase.excuseTest.ExcuseNewPub_Identify.test(ExcuseNewPub_Identify.java:154)
	at sun.reflect.NativeMethodAccessorImpl.invoke0(Native Method)
	at sun.reflect.NativeMethodAccessorImpl.invoke(NativeMethodAccessorImpl.java:62)
	at sun.reflect.DelegatingMethodAccessorImpl.invoke(DelegatingMethodAccessorImpl.java:43)
	at java.lang.reflect.Method.invoke(Method.java:498)
	at org.testng.internal.MethodInvocationHelper.invokeMethod(MethodInvocationHelper.java:85)
	at org.testng.internal.Invoker.invokeMethod(Invoker.java:696)
	at org.testng.internal.Invoker.invokeTestMethod(Invoker.java:882)
	at org.testng.internal.Invoker.invokeTestMethods(Invoker.java:1189)
	at org.testng.internal.TestMethodWorker.invokeTestMethods(TestMethodWorker.java:124)
	at org.testng.internal.TestMethodWorker.run(TestMethodWorker.java:108)
	at org.testng.TestRunner.privateRun(TestRunner.java:767)
	at org.testng.TestRunner.run(TestRunner.java:617)
	at org.testng.SuiteRunner.runTest(SuiteRunner.java:348)
	at org.testng.SuiteRunner.runSequentially(SuiteRunner.java:343)
	at org.testng.SuiteRunner.privateRun(SuiteRunner.java:305)
	at org.testng.SuiteRunner.run(SuiteRunner.java:254)
	at org.testng.SuiteRunnerWorker.runSuite(SuiteRunnerWorker.java:52)
	at org.testng.SuiteRunnerWorker.run(SuiteRunnerWorker.java:86)
	at org.testng.TestNG.runSuitesSequentially(TestNG.java:1224)
	at org.testng.TestNG.runSuitesLocally(TestNG.java:1149)
	at org.testng.TestNG.run(TestNG.java:1057)
	at org.testng.IDEARemoteTestNG.run(IDEARemoteTestNG.java:72)
	at org.testng.RemoteTestNGStarter.main(RemoteTestNGStarter.java:123)
</pre></td>
				</tr>
			</tbody>
		</table>
	</div>
					</div>
				</li>
				
				
				<li class='test displayed active  fail' status='fail' bdd='false' test-id='3'>
					<div class='test-heading'>
						<span class='test-name'>1方案广州号码_区域为020_正确识别</span>
						<span class='test-time'>Apr 25, 2019 04:36:07 PM</span>
						<span class='test-status right fail'>fail</span>
					</div>
					<div class='test-content hide'>
<div class='test-time-info'>
	<span class='label start-time'>Apr 25, 2019 04:36:07 PM</span>
	<span class='label end-time'>Apr 25, 2019 04:36:07 PM</span>
	<span class='label time-taken grey lighten-1 white-text'>0h 0m 0s+139ms</span>
</div>
	<div class='test-steps'>
		<table class='bordered table-results'>
			<thead>
				<tr>
					<th>Status</th>
					<th>Timestamp</th>
					<th>Details</th>
				</tr>
			</thead>
			<tbody>
				<tr class='log' status='debug'>
					<td class='status debug' title='debug' alt='debug'><i class='material-icons'>low_priority</i></td>
					<td class='timestamp'>4:36:08 PM</td>
					<td class='step-details'>======================start=========================</td>
				</tr>
				<tr class='log' status='debug'>
					<td class='status debug' title='debug' alt='debug'><i class='material-icons'>low_priority</i></td>
					<td class='timestamp'>4:36:08 PM</td>
					<td class='step-details'>测试地址:http://192.168.101.214:8398/business/pubinfo/identify</td>
				</tr>
				<tr class='log' status='debug'>
					<td class='status debug' title='debug' alt='debug'><i class='material-icons'>low_priority</i></td>
					<td class='timestamp'>4:36:08 PM</td>
					<td class='step-details'>用例编号:22</td>
				</tr>
				<tr class='log' status='debug'>
					<td class='status debug' title='debug' alt='debug'><i class='material-icons'>low_priority</i></td>
					<td class='timestamp'>4:36:08 PM</td>
					<td class='step-details'>用例名称:1方案广州号码_区域为020_正确识别</td>
				</tr>
				<tr class='log' status='debug'>
					<td class='status debug' title='debug' alt='debug'><i class='material-icons'>low_priority</i></td>
					<td class='timestamp'>4:36:08 PM</td>
					<td class='step-details'>请求头:{"uid":"64f2f9ea0a9b9d437143e89d7047aec670c2009f6eefea9c5ada3d2abde1cc4b","crypt":"3","tk":"4VGrB9q+3WB1DyjOb7Ur4Xcs+JPp4wPDNm3Uiy3q+uOBqUV0hCeDENdTSkc78YcJNNz0WmqTAl8GFHuTc0ff2hZWVeArXbyNnPW/JOZmHuQ=","apiver":"2","User-Agent":"Dalvik/2.1.0 (Linux; U; Android 7.0.0; M6 Note Build/NRD90M)","sdkver":"201607011616","chan":"LETV","dp":"0831d617944f2fd667513f1030723d4a","nz":"1","uiver":"201502020000"}</td>
				</tr>
				<tr class='log' status='debug'>
					<td class='status debug' title='debug' alt='debug'><i class='material-icons'>low_priority</i></td>
					<td class='timestamp'>4:36:08 PM</td>
					<td class='step-details'>请求体:{"p":"8a06bb87ebab640320644ea38a45ab22ede371bfade35150576dbe5c4af3dd03","numParams":[{"iccid":"2","mnc":"2","requestType":"2","ci":"2","imsi":"2","mcc":"2","numList":[{"menuVersion":"20181226010134","ac":"2","f":"2","num":"60499105402","versionCode":"2010010101011","tc":"2","dt":"2","rc":"2","pubVersion":"20190327084537","areaCode":"020","sg":"tsf","subVersion":"20190313115128","ec":"2"}],"cnum":"2","lac":"2"}],"timemills":1554972553711}</td>
				</tr>
				<tr class='log' status='debug'>
					<td class='status debug' title='debug' alt='debug'><i class='material-icons'>low_priority</i></td>
					<td class='timestamp'>4:36:08 PM</td>
					<td class='step-details'>======================返回体=========================</td>
				</tr>
				<tr class='log' status='debug'>
					<td class='status debug' title='debug' alt='debug'><i class='material-icons'>low_priority</i></td>
					<td class='timestamp'>4:36:08 PM</td>
					<td class='step-details'>响应体:{"desc":"OK_NO_VALUE","status":3}</td>
				</tr>
				<tr class='log' status='debug'>
					<td class='status debug' title='debug' alt='debug'><i class='material-icons'>low_priority</i></td>
					<td class='timestamp'>4:36:08 PM</td>
					<td class='step-details'>响应耗时:0</td>
				</tr>
				<tr class='log' status='fail'>
					<td class='status fail' title='fail' alt='fail'><i class='material-icons'>cancel</i></td>
					<td class='timestamp'>4:36:08 PM</td>
					<td class='step-details'><pre>java.lang.AssertionError: 不匹配 expected [0] but found [1]
	at org.testng.Assert.fail(Assert.java:94)
	at org.testng.Assert.failNotEquals(Assert.java:494)
	at org.testng.Assert.assertEquals(Assert.java:123)
	at org.testng.Assert.assertEquals(Assert.java:176)
	at TestCase.excuseTest.ExcuseNewPub_Identify.test(ExcuseNewPub_Identify.java:154)
	at sun.reflect.NativeMethodAccessorImpl.invoke0(Native Method)
	at sun.reflect.NativeMethodAccessorImpl.invoke(NativeMethodAccessorImpl.java:62)
	at sun.reflect.DelegatingMethodAccessorImpl.invoke(DelegatingMethodAccessorImpl.java:43)
	at java.lang.reflect.Method.invoke(Method.java:498)
	at org.testng.internal.MethodInvocationHelper.invokeMethod(MethodInvocationHelper.java:85)
	at org.testng.internal.Invoker.invokeMethod(Invoker.java:696)
	at org.testng.internal.Invoker.invokeTestMethod(Invoker.java:882)
	at org.testng.internal.Invoker.invokeTestMethods(Invoker.java:1189)
	at org.testng.internal.TestMethodWorker.invokeTestMethods(TestMethodWorker.java:124)
	at org.testng.internal.TestMethodWorker.run(TestMethodWorker.java:108)
	at org.testng.TestRunner.privateRun(TestRunner.java:767)
	at org.testng.TestRunner.run(TestRunner.java:617)
	at org.testng.SuiteRunner.runTest(SuiteRunner.java:348)
	at org.testng.SuiteRunner.runSequentially(SuiteRunner.java:343)
	at org.testng.SuiteRunner.privateRun(SuiteRunner.java:305)
	at org.testng.SuiteRunner.run(SuiteRunner.java:254)
	at org.testng.SuiteRunnerWorker.runSuite(SuiteRunnerWorker.java:52)
	at org.testng.SuiteRunnerWorker.run(SuiteRunnerWorker.java:86)
	at org.testng.TestNG.runSuitesSequentially(TestNG.java:1224)
	at org.testng.TestNG.runSuitesLocally(TestNG.java:1149)
	at org.testng.TestNG.run(TestNG.java:1057)
	at org.testng.IDEARemoteTestNG.run(IDEARemoteTestNG.java:72)
	at org.testng.RemoteTestNGStarter.main(RemoteTestNGStarter.java:123)
</pre></td>
				</tr>
			</tbody>
		</table>
	</div>
					</div>
				</li>
				
				
				<li class='test displayed active  fail' status='fail' bdd='false' test-id='4'>
					<div class='test-heading'>
						<span class='test-name'>1方案广州号码_区域为GD_无数据返回</span>
						<span class='test-time'>Apr 25, 2019 04:36:07 PM</span>
						<span class='test-status right fail'>fail</span>
					</div>
					<div class='test-content hide'>
<div class='test-time-info'>
	<span class='label start-time'>Apr 25, 2019 04:36:07 PM</span>
	<span class='label end-time'>Apr 25, 2019 04:36:07 PM</span>
	<span class='label time-taken grey lighten-1 white-text'>0h 0m 0s+134ms</span>
</div>
	<div class='test-steps'>
		<table class='bordered table-results'>
			<thead>
				<tr>
					<th>Status</th>
					<th>Timestamp</th>
					<th>Details</th>
				</tr>
			</thead>
			<tbody>
				<tr class='log' status='debug'>
					<td class='status debug' title='debug' alt='debug'><i class='material-icons'>low_priority</i></td>
					<td class='timestamp'>4:36:08 PM</td>
					<td class='step-details'>======================start=========================</td>
				</tr>
				<tr class='log' status='debug'>
					<td class='status debug' title='debug' alt='debug'><i class='material-icons'>low_priority</i></td>
					<td class='timestamp'>4:36:08 PM</td>
					<td class='step-details'>测试地址:http://192.168.101.214:8398/business/pubinfo/identify</td>
				</tr>
				<tr class='log' status='debug'>
					<td class='status debug' title='debug' alt='debug'><i class='material-icons'>low_priority</i></td>
					<td class='timestamp'>4:36:08 PM</td>
					<td class='step-details'>用例编号:23</td>
				</tr>
				<tr class='log' status='debug'>
					<td class='status debug' title='debug' alt='debug'><i class='material-icons'>low_priority</i></td>
					<td class='timestamp'>4:36:08 PM</td>
					<td class='step-details'>用例名称:1方案广州号码_区域为GD_无数据返回</td>
				</tr>
				<tr class='log' status='debug'>
					<td class='status debug' title='debug' alt='debug'><i class='material-icons'>low_priority</i></td>
					<td class='timestamp'>4:36:08 PM</td>
					<td class='step-details'>请求头:{"uid":"64f2f9ea0a9b9d437143e89d7047aec670c2009f6eefea9c5ada3d2abde1cc4b","crypt":"3","tk":"cNWguL5wKYcR7AHZOj7wpYVbJqhyFe7tz0/6pjM3gTNsqnH+ezJcB7GRAvLbvkUfhwv7GOIfRYuY6YIHd29TrrxpHwKQKAnCD9FjH8zv72g=","apiver":"2","User-Agent":"Dalvik/2.1.0 (Linux; U; Android 7.0.0; M6 Note Build/NRD90M)","sdkver":"201607011616","chan":"LETV","dp":"0831d617944f2fd667513f1030723d4a","nz":"1","uiver":"201502020000"}</td>
				</tr>
				<tr class='log' status='debug'>
					<td class='status debug' title='debug' alt='debug'><i class='material-icons'>low_priority</i></td>
					<td class='timestamp'>4:36:08 PM</td>
					<td class='step-details'>请求体:{"p":"8a06bb87ebab640320644ea38a45ab22ede371bfade35150576dbe5c4af3dd03","numParams":[{"iccid":"2","mnc":"2","requestType":"2","ci":"2","imsi":"2","mcc":"2","numList":[{"menuVersion":"20181226010134","ac":"2","f":"2","num":"60499105402","versionCode":"2010010101011","tc":"2","dt":"2","rc":"2","pubVersion":"20190327084537","areaCode":"GD","sg":"tsf","subVersion":"20190313115128","ec":"2"}],"cnum":"2","lac":"2"}],"timemills":1554972633711}</td>
				</tr>
				<tr class='log' status='debug'>
					<td class='status debug' title='debug' alt='debug'><i class='material-icons'>low_priority</i></td>
					<td class='timestamp'>4:36:08 PM</td>
					<td class='step-details'>======================返回体=========================</td>
				</tr>
				<tr class='log' status='debug'>
					<td class='status debug' title='debug' alt='debug'><i class='material-icons'>low_priority</i></td>
					<td class='timestamp'>4:36:08 PM</td>
					<td class='step-details'>响应体:{"desc":"OK_NO_VALUE","status":3}</td>
				</tr>
				<tr class='log' status='debug'>
					<td class='status debug' title='debug' alt='debug'><i class='material-icons'>low_priority</i></td>
					<td class='timestamp'>4:36:08 PM</td>
					<td class='step-details'>响应耗时:0</td>
				</tr>
				<tr class='log' status='fail'>
					<td class='status fail' title='fail' alt='fail'><i class='material-icons'>cancel</i></td>
					<td class='timestamp'>4:36:08 PM</td>
					<td class='step-details'><pre>java.lang.AssertionError: 不匹配 expected [0] but found [1]
	at org.testng.Assert.fail(Assert.java:94)
	at org.testng.Assert.failNotEquals(Assert.java:494)
	at org.testng.Assert.assertEquals(Assert.java:123)
	at org.testng.Assert.assertEquals(Assert.java:176)
	at TestCase.excuseTest.ExcuseNewPub_Identify.test(ExcuseNewPub_Identify.java:154)
	at sun.reflect.NativeMethodAccessorImpl.invoke0(Native Method)
	at sun.reflect.NativeMethodAccessorImpl.invoke(NativeMethodAccessorImpl.java:62)
	at sun.reflect.DelegatingMethodAccessorImpl.invoke(DelegatingMethodAccessorImpl.java:43)
	at java.lang.reflect.Method.invoke(Method.java:498)
	at org.testng.internal.MethodInvocationHelper.invokeMethod(MethodInvocationHelper.java:85)
	at org.testng.internal.Invoker.invokeMethod(Invoker.java:696)
	at org.testng.internal.Invoker.invokeTestMethod(Invoker.java:882)
	at org.testng.internal.Invoker.invokeTestMethods(Invoker.java:1189)
	at org.testng.internal.TestMethodWorker.invokeTestMethods(TestMethodWorker.java:124)
	at org.testng.internal.TestMethodWorker.run(TestMethodWorker.java:108)
	at org.testng.TestRunner.privateRun(TestRunner.java:767)
	at org.testng.TestRunner.run(TestRunner.java:617)
	at org.testng.SuiteRunner.runTest(SuiteRunner.java:348)
	at org.testng.SuiteRunner.runSequentially(SuiteRunner.java:343)
	at org.testng.SuiteRunner.privateRun(SuiteRunner.java:305)
	at org.testng.SuiteRunner.run(SuiteRunner.java:254)
	at org.testng.SuiteRunnerWorker.runSuite(SuiteRunnerWorker.java:52)
	at org.testng.SuiteRunnerWorker.run(SuiteRunnerWorker.java:86)
	at org.testng.TestNG.runSuitesSequentially(TestNG.java:1224)
	at org.testng.TestNG.runSuitesLocally(TestNG.java:1149)
	at org.testng.TestNG.run(TestNG.java:1057)
	at org.testng.IDEARemoteTestNG.run(IDEARemoteTestNG.java:72)
	at org.testng.RemoteTestNGStarter.main(RemoteTestNGStarter.java:123)
</pre></td>
				</tr>
			</tbody>
		</table>
	</div>
					</div>
				</li>
				
				
				<li class='test displayed active  fail' status='fail' bdd='false' test-id='5'>
					<div class='test-heading'>
						<span class='test-name'>已下线号码_返回222</span>
						<span class='test-time'>Apr 25, 2019 04:36:07 PM</span>
						<span class='test-status right fail'>fail</span>
					</div>
					<div class='test-content hide'>
<div class='test-time-info'>
	<span class='label start-time'>Apr 25, 2019 04:36:07 PM</span>
	<span class='label end-time'>Apr 25, 2019 04:36:07 PM</span>
	<span class='label time-taken grey lighten-1 white-text'>0h 0m 0s+107ms</span>
</div>
	<div class='test-steps'>
		<table class='bordered table-results'>
			<thead>
				<tr>
					<th>Status</th>
					<th>Timestamp</th>
					<th>Details</th>
				</tr>
			</thead>
			<tbody>
				<tr class='log' status='debug'>
					<td class='status debug' title='debug' alt='debug'><i class='material-icons'>low_priority</i></td>
					<td class='timestamp'>4:36:08 PM</td>
					<td class='step-details'>======================start=========================</td>
				</tr>
				<tr class='log' status='debug'>
					<td class='status debug' title='debug' alt='debug'><i class='material-icons'>low_priority</i></td>
					<td class='timestamp'>4:36:08 PM</td>
					<td class='step-details'>测试地址:http://192.168.101.214:8398/business/pubinfo/identify</td>
				</tr>
				<tr class='log' status='debug'>
					<td class='status debug' title='debug' alt='debug'><i class='material-icons'>low_priority</i></td>
					<td class='timestamp'>4:36:08 PM</td>
					<td class='step-details'>用例编号:25</td>
				</tr>
				<tr class='log' status='debug'>
					<td class='status debug' title='debug' alt='debug'><i class='material-icons'>low_priority</i></td>
					<td class='timestamp'>4:36:08 PM</td>
					<td class='step-details'>用例名称:已下线号码_返回222</td>
				</tr>
				<tr class='log' status='debug'>
					<td class='status debug' title='debug' alt='debug'><i class='material-icons'>low_priority</i></td>
					<td class='timestamp'>4:36:08 PM</td>
					<td class='step-details'>请求头:{"uid":"64f2f9ea0a9b9d437143e89d7047aec670c2009f6eefea9c5ada3d2abde1cc4b","crypt":"3","tk":"w2J3k+zESDnXjEZlu+dLGFHs8YeQT2oMxb9qomAoyvv0yO6+vHDGhKNxpyr3COtJbAohyVtk0tlPzej7wjm1h/zdOTWRGmrTk0hjUPD/T+Q=","apiver":"2","User-Agent":"Dalvik/2.1.0 (Linux; U; Android 7.0.0; M6 Note Build/NRD90M)","sdkver":"201607011616","chan":"LETV","dp":"0831d617944f2fd667513f1030723d4a","nz":"1","uiver":"201502020000"}</td>
				</tr>
				<tr class='log' status='debug'>
					<td class='status debug' title='debug' alt='debug'><i class='material-icons'>low_priority</i></td>
					<td class='timestamp'>4:36:08 PM</td>
					<td class='step-details'>请求体:{"p":"8a06bb87ebab640320644ea38a45ab22ede371bfade35150576dbe5c4af3dd03","numParams":[{"iccid":"2","mnc":"2","requestType":"2","ci":"2","imsi":"2","mcc":"2","numList":[{"menuVersion":"20181226010134","ac":"2","f":"2","num":"60499105404","versionCode":"2010010101011","tc":"2","dt":"2","rc":"2","pubVersion":"20190327084537","areaCode":"GD","sg":"tsf","subVersion":"20190313115128","ec":"2"}],"cnum":"2","lac":"2"}],"timemills":1554972813711}</td>
				</tr>
				<tr class='log' status='debug'>
					<td class='status debug' title='debug' alt='debug'><i class='material-icons'>low_priority</i></td>
					<td class='timestamp'>4:36:08 PM</td>
					<td class='step-details'>======================返回体=========================</td>
				</tr>
				<tr class='log' status='debug'>
					<td class='status debug' title='debug' alt='debug'><i class='material-icons'>low_priority</i></td>
					<td class='timestamp'>4:36:08 PM</td>
					<td class='step-details'>响应体:{"desc":"OK_NO_VALUE","status":3}</td>
				</tr>
				<tr class='log' status='debug'>
					<td class='status debug' title='debug' alt='debug'><i class='material-icons'>low_priority</i></td>
					<td class='timestamp'>4:36:08 PM</td>
					<td class='step-details'>响应耗时:0</td>
				</tr>
				<tr class='log' status='fail'>
					<td class='status fail' title='fail' alt='fail'><i class='material-icons'>cancel</i></td>
					<td class='timestamp'>4:36:08 PM</td>
					<td class='step-details'><pre>java.lang.AssertionError: 不匹配 expected [0] but found [1]
	at org.testng.Assert.fail(Assert.java:94)
	at org.testng.Assert.failNotEquals(Assert.java:494)
	at org.testng.Assert.assertEquals(Assert.java:123)
	at org.testng.Assert.assertEquals(Assert.java:176)
	at TestCase.excuseTest.ExcuseNewPub_Identify.test(ExcuseNewPub_Identify.java:154)
	at sun.reflect.NativeMethodAccessorImpl.invoke0(Native Method)
	at sun.reflect.NativeMethodAccessorImpl.invoke(NativeMethodAccessorImpl.java:62)
	at sun.reflect.DelegatingMethodAccessorImpl.invoke(DelegatingMethodAccessorImpl.java:43)
	at java.lang.reflect.Method.invoke(Method.java:498)
	at org.testng.internal.MethodInvocationHelper.invokeMethod(MethodInvocationHelper.java:85)
	at org.testng.internal.Invoker.invokeMethod(Invoker.java:696)
	at org.testng.internal.Invoker.invokeTestMethod(Invoker.java:882)
	at org.testng.internal.Invoker.invokeTestMethods(Invoker.java:1189)
	at org.testng.internal.TestMethodWorker.invokeTestMethods(TestMethodWorker.java:124)
	at org.testng.internal.TestMethodWorker.run(TestMethodWorker.java:108)
	at org.testng.TestRunner.privateRun(TestRunner.java:767)
	at org.testng.TestRunner.run(TestRunner.java:617)
	at org.testng.SuiteRunner.runTest(SuiteRunner.java:348)
	at org.testng.SuiteRunner.runSequentially(SuiteRunner.java:343)
	at org.testng.SuiteRunner.privateRun(SuiteRunner.java:305)
	at org.testng.SuiteRunner.run(SuiteRunner.java:254)
	at org.testng.SuiteRunnerWorker.runSuite(SuiteRunnerWorker.java:52)
	at org.testng.SuiteRunnerWorker.run(SuiteRunnerWorker.java:86)
	at org.testng.TestNG.runSuitesSequentially(TestNG.java:1224)
	at org.testng.TestNG.runSuitesLocally(TestNG.java:1149)
	at org.testng.TestNG.run(TestNG.java:1057)
	at org.testng.IDEARemoteTestNG.run(IDEARemoteTestNG.java:72)
	at org.testng.RemoteTestNGStarter.main(RemoteTestNGStarter.java:123)
</pre></td>
				</tr>
			</tbody>
		</table>
	</div>
					</div>
				</li>
				
				
				<li class='test displayed active  fail' status='fail' bdd='false' test-id='6'>
					<div class='test-heading'>
						<span class='test-name'>1方案全国号码_区域为GD_返回全国数据</span>
						<span class='test-time'>Apr 25, 2019 04:36:07 PM</span>
						<span class='test-status right fail'>fail</span>
					</div>
					<div class='test-content hide'>
<div class='test-time-info'>
	<span class='label start-time'>Apr 25, 2019 04:36:07 PM</span>
	<span class='label end-time'>Apr 25, 2019 04:36:07 PM</span>
	<span class='label time-taken grey lighten-1 white-text'>0h 0m 0s+95ms</span>
</div>
	<div class='test-steps'>
		<table class='bordered table-results'>
			<thead>
				<tr>
					<th>Status</th>
					<th>Timestamp</th>
					<th>Details</th>
				</tr>
			</thead>
			<tbody>
				<tr class='log' status='debug'>
					<td class='status debug' title='debug' alt='debug'><i class='material-icons'>low_priority</i></td>
					<td class='timestamp'>4:36:08 PM</td>
					<td class='step-details'>======================start=========================</td>
				</tr>
				<tr class='log' status='debug'>
					<td class='status debug' title='debug' alt='debug'><i class='material-icons'>low_priority</i></td>
					<td class='timestamp'>4:36:08 PM</td>
					<td class='step-details'>测试地址:http://192.168.101.214:8398/business/pubinfo/identify</td>
				</tr>
				<tr class='log' status='debug'>
					<td class='status debug' title='debug' alt='debug'><i class='material-icons'>low_priority</i></td>
					<td class='timestamp'>4:36:08 PM</td>
					<td class='step-details'>用例编号:26</td>
				</tr>
				<tr class='log' status='debug'>
					<td class='status debug' title='debug' alt='debug'><i class='material-icons'>low_priority</i></td>
					<td class='timestamp'>4:36:08 PM</td>
					<td class='step-details'>用例名称:1方案全国号码_区域为GD_返回全国数据</td>
				</tr>
				<tr class='log' status='debug'>
					<td class='status debug' title='debug' alt='debug'><i class='material-icons'>low_priority</i></td>
					<td class='timestamp'>4:36:08 PM</td>
					<td class='step-details'>请求头:{"uid":"64f2f9ea0a9b9d437143e89d7047aec670c2009f6eefea9c5ada3d2abde1cc4b","crypt":"3","tk":"UCniPQN0X1CHbRRHxAkCZof0Utv7fesZFc81NKKHJCq8dO3YfKcwRADh1GQxQzJm9QgoWzcLbYyTn81vn4n2CwKdlirp36IlHGypYUNXjlE=","apiver":"2","User-Agent":"Dalvik/2.1.0 (Linux; U; Android 7.0.0; M6 Note Build/NRD90M)","sdkver":"201607011616","chan":"LETV","dp":"0831d617944f2fd667513f1030723d4a","nz":"1","uiver":"201502020000"}</td>
				</tr>
				<tr class='log' status='debug'>
					<td class='status debug' title='debug' alt='debug'><i class='material-icons'>low_priority</i></td>
					<td class='timestamp'>4:36:08 PM</td>
					<td class='step-details'>请求体:{"p":"8a06bb87ebab640320644ea38a45ab22ede371bfade35150576dbe5c4af3dd03","numParams":[{"iccid":"2","mnc":"2","requestType":"2","ci":"2","imsi":"2","mcc":"2","numList":[{"menuVersion":"20181226010134","ac":"2","f":"2","num":"60499105410","versionCode":"2010010101011","tc":"2","dt":"2","rc":"2","pubVersion":"20190327084537","areaCode":"GD","sg":"tsf","subVersion":"20190313115128","ec":"2"}],"cnum":"2","lac":"2"}],"timemills":1554973163711}</td>
				</tr>
				<tr class='log' status='debug'>
					<td class='status debug' title='debug' alt='debug'><i class='material-icons'>low_priority</i></td>
					<td class='timestamp'>4:36:08 PM</td>
					<td class='step-details'>======================返回体=========================</td>
				</tr>
				<tr class='log' status='debug'>
					<td class='status debug' title='debug' alt='debug'><i class='material-icons'>low_priority</i></td>
					<td class='timestamp'>4:36:08 PM</td>
					<td class='step-details'>响应体:{"desc":"OK_NO_VALUE","status":3}</td>
				</tr>
				<tr class='log' status='debug'>
					<td class='status debug' title='debug' alt='debug'><i class='material-icons'>low_priority</i></td>
					<td class='timestamp'>4:36:08 PM</td>
					<td class='step-details'>响应耗时:0</td>
				</tr>
				<tr class='log' status='fail'>
					<td class='status fail' title='fail' alt='fail'><i class='material-icons'>cancel</i></td>
					<td class='timestamp'>4:36:08 PM</td>
					<td class='step-details'><pre>java.lang.AssertionError: 不匹配 expected [0] but found [1]
	at org.testng.Assert.fail(Assert.java:94)
	at org.testng.Assert.failNotEquals(Assert.java:494)
	at org.testng.Assert.assertEquals(Assert.java:123)
	at org.testng.Assert.assertEquals(Assert.java:176)
	at TestCase.excuseTest.ExcuseNewPub_Identify.test(ExcuseNewPub_Identify.java:154)
	at sun.reflect.NativeMethodAccessorImpl.invoke0(Native Method)
	at sun.reflect.NativeMethodAccessorImpl.invoke(NativeMethodAccessorImpl.java:62)
	at sun.reflect.DelegatingMethodAccessorImpl.invoke(DelegatingMethodAccessorImpl.java:43)
	at java.lang.reflect.Method.invoke(Method.java:498)
	at org.testng.internal.MethodInvocationHelper.invokeMethod(MethodInvocationHelper.java:85)
	at org.testng.internal.Invoker.invokeMethod(Invoker.java:696)
	at org.testng.internal.Invoker.invokeTestMethod(Invoker.java:882)
	at org.testng.internal.Invoker.invokeTestMethods(Invoker.java:1189)
	at org.testng.internal.TestMethodWorker.invokeTestMethods(TestMethodWorker.java:124)
	at org.testng.internal.TestMethodWorker.run(TestMethodWorker.java:108)
	at org.testng.TestRunner.privateRun(TestRunner.java:767)
	at org.testng.TestRunner.run(TestRunner.java:617)
	at org.testng.SuiteRunner.runTest(SuiteRunner.java:348)
	at org.testng.SuiteRunner.runSequentially(SuiteRunner.java:343)
	at org.testng.SuiteRunner.privateRun(SuiteRunner.java:305)
	at org.testng.SuiteRunner.run(SuiteRunner.java:254)
	at org.testng.SuiteRunnerWorker.runSuite(SuiteRunnerWorker.java:52)
	at org.testng.SuiteRunnerWorker.run(SuiteRunnerWorker.java:86)
	at org.testng.TestNG.runSuitesSequentially(TestNG.java:1224)
	at org.testng.TestNG.runSuitesLocally(TestNG.java:1149)
	at org.testng.TestNG.run(TestNG.java:1057)
	at org.testng.IDEARemoteTestNG.run(IDEARemoteTestNG.java:72)
	at org.testng.RemoteTestNGStarter.main(RemoteTestNGStarter.java:123)
</pre></td>
				</tr>
			</tbody>
		</table>
	</div>
					</div>
				</li>
				
				
				<li class='test displayed active  fail' status='fail' bdd='false' test-id='7'>
					<div class='test-heading'>
						<span class='test-name'>1方案全国号码_区域为CN_返回全国数据</span>
						<span class='test-time'>Apr 25, 2019 04:36:07 PM</span>
						<span class='test-status right fail'>fail</span>
					</div>
					<div class='test-content hide'>
<div class='test-time-info'>
	<span class='label start-time'>Apr 25, 2019 04:36:07 PM</span>
	<span class='label end-time'>Apr 25, 2019 04:36:07 PM</span>
	<span class='label time-taken grey lighten-1 white-text'>0h 0m 0s+94ms</span>
</div>
	<div class='test-steps'>
		<table class='bordered table-results'>
			<thead>
				<tr>
					<th>Status</th>
					<th>Timestamp</th>
					<th>Details</th>
				</tr>
			</thead>
			<tbody>
				<tr class='log' status='debug'>
					<td class='status debug' title='debug' alt='debug'><i class='material-icons'>low_priority</i></td>
					<td class='timestamp'>4:36:08 PM</td>
					<td class='step-details'>======================start=========================</td>
				</tr>
				<tr class='log' status='debug'>
					<td class='status debug' title='debug' alt='debug'><i class='material-icons'>low_priority</i></td>
					<td class='timestamp'>4:36:08 PM</td>
					<td class='step-details'>测试地址:http://192.168.101.214:8398/business/pubinfo/identify</td>
				</tr>
				<tr class='log' status='debug'>
					<td class='status debug' title='debug' alt='debug'><i class='material-icons'>low_priority</i></td>
					<td class='timestamp'>4:36:08 PM</td>
					<td class='step-details'>用例编号:27</td>
				</tr>
				<tr class='log' status='debug'>
					<td class='status debug' title='debug' alt='debug'><i class='material-icons'>low_priority</i></td>
					<td class='timestamp'>4:36:08 PM</td>
					<td class='step-details'>用例名称:1方案全国号码_区域为CN_返回全国数据</td>
				</tr>
				<tr class='log' status='debug'>
					<td class='status debug' title='debug' alt='debug'><i class='material-icons'>low_priority</i></td>
					<td class='timestamp'>4:36:08 PM</td>
					<td class='step-details'>请求头:{"uid":"64f2f9ea0a9b9d437143e89d7047aec670c2009f6eefea9c5ada3d2abde1cc4b","crypt":"3","tk":"ajzNZKp2Pu1Z3q7KLvUKEUEUCyQkmzCgv7Ym0Tkkwz2eN3ysb17x//qp4qPbcQoo+j/FMKb7DnEoQErnBBS4fYXRUS2jVqqQ5AycY629eJE=","apiver":"2","User-Agent":"Dalvik/2.1.0 (Linux; U; Android 7.0.0; M6 Note Build/NRD90M)","sdkver":"201607011616","chan":"LETV","dp":"0831d617944f2fd667513f1030723d4a","nz":"1","uiver":"201502020000"}</td>
				</tr>
				<tr class='log' status='debug'>
					<td class='status debug' title='debug' alt='debug'><i class='material-icons'>low_priority</i></td>
					<td class='timestamp'>4:36:08 PM</td>
					<td class='step-details'>请求体:{"p":"8a06bb87ebab640320644ea38a45ab22ede371bfade35150576dbe5c4af3dd03","numParams":[{"iccid":"2","mnc":"2","requestType":"2","ci":"2","imsi":"2","mcc":"2","numList":[{"menuVersion":"20181226010134","ac":"2","f":"2","num":"60499105410","versionCode":"2010010101011","tc":"2","dt":"2","rc":"2","pubVersion":"20190327084537","areaCode":"GD","sg":"tsf","subVersion":"20190313115128","ec":"2"}],"cnum":"2","lac":"2"}],"timemills":1554973213711}</td>
				</tr>
				<tr class='log' status='debug'>
					<td class='status debug' title='debug' alt='debug'><i class='material-icons'>low_priority</i></td>
					<td class='timestamp'>4:36:08 PM</td>
					<td class='step-details'>======================返回体=========================</td>
				</tr>
				<tr class='log' status='debug'>
					<td class='status debug' title='debug' alt='debug'><i class='material-icons'>low_priority</i></td>
					<td class='timestamp'>4:36:08 PM</td>
					<td class='step-details'>响应体:{"desc":"OK_NO_VALUE","status":3}</td>
				</tr>
				<tr class='log' status='debug'>
					<td class='status debug' title='debug' alt='debug'><i class='material-icons'>low_priority</i></td>
					<td class='timestamp'>4:36:08 PM</td>
					<td class='step-details'>响应耗时:1</td>
				</tr>
				<tr class='log' status='fail'>
					<td class='status fail' title='fail' alt='fail'><i class='material-icons'>cancel</i></td>
					<td class='timestamp'>4:36:08 PM</td>
					<td class='step-details'><pre>java.lang.AssertionError: 不匹配 expected [0] but found [1]
	at org.testng.Assert.fail(Assert.java:94)
	at org.testng.Assert.failNotEquals(Assert.java:494)
	at org.testng.Assert.assertEquals(Assert.java:123)
	at org.testng.Assert.assertEquals(Assert.java:176)
	at TestCase.excuseTest.ExcuseNewPub_Identify.test(ExcuseNewPub_Identify.java:154)
	at sun.reflect.NativeMethodAccessorImpl.invoke0(Native Method)
	at sun.reflect.NativeMethodAccessorImpl.invoke(NativeMethodAccessorImpl.java:62)
	at sun.reflect.DelegatingMethodAccessorImpl.invoke(DelegatingMethodAccessorImpl.java:43)
	at java.lang.reflect.Method.invoke(Method.java:498)
	at org.testng.internal.MethodInvocationHelper.invokeMethod(MethodInvocationHelper.java:85)
	at org.testng.internal.Invoker.invokeMethod(Invoker.java:696)
	at org.testng.internal.Invoker.invokeTestMethod(Invoker.java:882)
	at org.testng.internal.Invoker.invokeTestMethods(Invoker.java:1189)
	at org.testng.internal.TestMethodWorker.invokeTestMethods(TestMethodWorker.java:124)
	at org.testng.internal.TestMethodWorker.run(TestMethodWorker.java:108)
	at org.testng.TestRunner.privateRun(TestRunner.java:767)
	at org.testng.TestRunner.run(TestRunner.java:617)
	at org.testng.SuiteRunner.runTest(SuiteRunner.java:348)
	at org.testng.SuiteRunner.runSequentially(SuiteRunner.java:343)
	at org.testng.SuiteRunner.privateRun(SuiteRunner.java:305)
	at org.testng.SuiteRunner.run(SuiteRunner.java:254)
	at org.testng.SuiteRunnerWorker.runSuite(SuiteRunnerWorker.java:52)
	at org.testng.SuiteRunnerWorker.run(SuiteRunnerWorker.java:86)
	at org.testng.TestNG.runSuitesSequentially(TestNG.java:1224)
	at org.testng.TestNG.runSuitesLocally(TestNG.java:1149)
	at org.testng.TestNG.run(TestNG.java:1057)
	at org.testng.IDEARemoteTestNG.run(IDEARemoteTestNG.java:72)
	at org.testng.RemoteTestNGStarter.main(RemoteTestNGStarter.java:123)
</pre></td>
				</tr>
			</tbody>
		</table>
	</div>
					</div>
				</li>
				
				
				<li class='test displayed active  fail' status='fail' bdd='false' test-id='8'>
					<div class='test-heading'>
						<span class='test-name'>1方案号码仅上线HUAWEI2_请求HUAWEI2_正常返回</span>
						<span class='test-time'>Apr 25, 2019 04:36:07 PM</span>
						<span class='test-status right fail'>fail</span>
					</div>
					<div class='test-content hide'>
<div class='test-time-info'>
	<span class='label start-time'>Apr 25, 2019 04:36:07 PM</span>
	<span class='label end-time'>Apr 25, 2019 04:36:08 PM</span>
	<span class='label time-taken grey lighten-1 white-text'>0h 0m 0s+189ms</span>
</div>
	<div class='test-steps'>
		<table class='bordered table-results'>
			<thead>
				<tr>
					<th>Status</th>
					<th>Timestamp</th>
					<th>Details</th>
				</tr>
			</thead>
			<tbody>
				<tr class='log' status='debug'>
					<td class='status debug' title='debug' alt='debug'><i class='material-icons'>low_priority</i></td>
					<td class='timestamp'>4:36:08 PM</td>
					<td class='step-details'>======================start=========================</td>
				</tr>
				<tr class='log' status='debug'>
					<td class='status debug' title='debug' alt='debug'><i class='material-icons'>low_priority</i></td>
					<td class='timestamp'>4:36:08 PM</td>
					<td class='step-details'>测试地址:http://192.168.101.214:8398/business/pubinfo/identify</td>
				</tr>
				<tr class='log' status='debug'>
					<td class='status debug' title='debug' alt='debug'><i class='material-icons'>low_priority</i></td>
					<td class='timestamp'>4:36:08 PM</td>
					<td class='step-details'>用例编号:28</td>
				</tr>
				<tr class='log' status='debug'>
					<td class='status debug' title='debug' alt='debug'><i class='material-icons'>low_priority</i></td>
					<td class='timestamp'>4:36:08 PM</td>
					<td class='step-details'>用例名称:1方案号码仅上线HUAWEI2_请求HUAWEI2_正常返回</td>
				</tr>
				<tr class='log' status='debug'>
					<td class='status debug' title='debug' alt='debug'><i class='material-icons'>low_priority</i></td>
					<td class='timestamp'>4:36:08 PM</td>
					<td class='step-details'>请求头:{"uid":"64f2f9ea0a9b9d437143e89d7047aec670c2009f6eefea9c5ada3d2abde1cc4b","crypt":"3","tk":"Q8YSXNFQIYXpiJDAehHXCgHAHQIyPzcPPx3W8U2JQzkYMsjKwg4p3+5iPPUo1qkH7QYUtZgdfKABc7seA4VJM/zF9PvMFUVKzr5+oJ3A6XQ=","apiver":"2","User-Agent":"Dalvik/2.1.0 (Linux; U; Android 7.0.0; M6 Note Build/NRD90M)","sdkver":"201607011616","chan":"HUAWEI2","dp":"0831d617944f2fd667513f1030723d4a","nz":"1","uiver":"201502020000"}</td>
				</tr>
				<tr class='log' status='debug'>
					<td class='status debug' title='debug' alt='debug'><i class='material-icons'>low_priority</i></td>
					<td class='timestamp'>4:36:08 PM</td>
					<td class='step-details'>请求体:{"p":"8a06bb87ebab640320644ea38a45ab22ede371bfade35150576dbe5c4af3dd03","numParams":[{"iccid":"2","mnc":"2","requestType":"2","ci":"2","imsi":"2","mcc":"2","numList":[{"menuVersion":"20181226010134","ac":"2","f":"2","num":"60499105403","versionCode":"2010010101011","tc":"2","dt":"2","rc":"2","pubVersion":"20190327084537","areaCode":"GD","sg":"tsf","subVersion":"20190313115128","ec":"2"}],"cnum":"2","lac":"2"}],"timemills":1555034694282}</td>
				</tr>
				<tr class='log' status='debug'>
					<td class='status debug' title='debug' alt='debug'><i class='material-icons'>low_priority</i></td>
					<td class='timestamp'>4:36:08 PM</td>
					<td class='step-details'>======================返回体=========================</td>
				</tr>
				<tr class='log' status='debug'>
					<td class='status debug' title='debug' alt='debug'><i class='material-icons'>low_priority</i></td>
					<td class='timestamp'>4:36:08 PM</td>
					<td class='step-details'>响应体:{"body":{"pubInfoList":[{"menuInfo":{"menuList":[{"menuCode":"01","menuName":"华为2全国1","menuType":"CALL","phoneNum":"123456"},{"menuCode":"02","menuName":"华为2全国2","menuType":"CALL","phoneNum":"123456"},{"menuCode":"03","menuName":"华为2全国2","menuType":"CALL","phoneNum":"123456"}],"menuModel":"1","menuVersion":"20190328111322","pubId":1139637628,"rid":7498631},"pubInfo":{"corpLevel":0,"pubName":"好欢螺-test","pubType":"电子商务-电商B2C;","pubTypeCode":"003003","pubVersion":"20190416092801","rid":7498631,"status":1,"versionCode":"20190416092801"},"pubNumList":[{"areaCode":"GD;","identType":2,"num":"60499105403","pubId":1139637628,"rid":7498631,"status":1,"subVersion":20190328165153,"type":1}]}]},"desc":"OK_WITH_VALUE","status":2}</td>
				</tr>
				<tr class='log' status='debug'>
					<td class='status debug' title='debug' alt='debug'><i class='material-icons'>low_priority</i></td>
					<td class='timestamp'>4:36:08 PM</td>
					<td class='step-details'>响应耗时:0</td>
				</tr>
				<tr class='log' status='fail'>
					<td class='status fail' title='fail' alt='fail'><i class='material-icons'>cancel</i></td>
					<td class='timestamp'>4:36:08 PM</td>
					<td class='step-details'><pre>java.lang.AssertionError: 不匹配 expected [0] but found [1]
	at org.testng.Assert.fail(Assert.java:94)
	at org.testng.Assert.failNotEquals(Assert.java:494)
	at org.testng.Assert.assertEquals(Assert.java:123)
	at org.testng.Assert.assertEquals(Assert.java:176)
	at TestCase.excuseTest.ExcuseNewPub_Identify.test(ExcuseNewPub_Identify.java:154)
	at sun.reflect.NativeMethodAccessorImpl.invoke0(Native Method)
	at sun.reflect.NativeMethodAccessorImpl.invoke(NativeMethodAccessorImpl.java:62)
	at sun.reflect.DelegatingMethodAccessorImpl.invoke(DelegatingMethodAccessorImpl.java:43)
	at java.lang.reflect.Method.invoke(Method.java:498)
	at org.testng.internal.MethodInvocationHelper.invokeMethod(MethodInvocationHelper.java:85)
	at org.testng.internal.Invoker.invokeMethod(Invoker.java:696)
	at org.testng.internal.Invoker.invokeTestMethod(Invoker.java:882)
	at org.testng.internal.Invoker.invokeTestMethods(Invoker.java:1189)
	at org.testng.internal.TestMethodWorker.invokeTestMethods(TestMethodWorker.java:124)
	at org.testng.internal.TestMethodWorker.run(TestMethodWorker.java:108)
	at org.testng.TestRunner.privateRun(TestRunner.java:767)
	at org.testng.TestRunner.run(TestRunner.java:617)
	at org.testng.SuiteRunner.runTest(SuiteRunner.java:348)
	at org.testng.SuiteRunner.runSequentially(SuiteRunner.java:343)
	at org.testng.SuiteRunner.privateRun(SuiteRunner.java:305)
	at org.testng.SuiteRunner.run(SuiteRunner.java:254)
	at org.testng.SuiteRunnerWorker.runSuite(SuiteRunnerWorker.java:52)
	at org.testng.SuiteRunnerWorker.run(SuiteRunnerWorker.java:86)
	at org.testng.TestNG.runSuitesSequentially(TestNG.java:1224)
	at org.testng.TestNG.runSuitesLocally(TestNG.java:1149)
	at org.testng.TestNG.run(TestNG.java:1057)
	at org.testng.IDEARemoteTestNG.run(IDEARemoteTestNG.java:72)
	at org.testng.RemoteTestNGStarter.main(RemoteTestNGStarter.java:123)
</pre></td>
				</tr>
			</tbody>
		</table>
	</div>
					</div>
				</li>
				
				
				<li class='test displayed active  fail' status='fail' bdd='false' test-id='9'>
					<div class='test-heading'>
						<span class='test-name'>N方案号码仅上线HUAWEI2_请求HUAWEI2_正常返回</span>
						<span class='test-time'>Apr 25, 2019 04:36:08 PM</span>
						<span class='test-status right fail'>fail</span>
					</div>
					<div class='test-content hide'>
<div class='test-time-info'>
	<span class='label start-time'>Apr 25, 2019 04:36:08 PM</span>
	<span class='label end-time'>Apr 25, 2019 04:36:08 PM</span>
	<span class='label time-taken grey lighten-1 white-text'>0h 0m 0s+148ms</span>
</div>
	<div class='test-steps'>
		<table class='bordered table-results'>
			<thead>
				<tr>
					<th>Status</th>
					<th>Timestamp</th>
					<th>Details</th>
				</tr>
			</thead>
			<tbody>
				<tr class='log' status='debug'>
					<td class='status debug' title='debug' alt='debug'><i class='material-icons'>low_priority</i></td>
					<td class='timestamp'>4:36:08 PM</td>
					<td class='step-details'>======================start=========================</td>
				</tr>
				<tr class='log' status='debug'>
					<td class='status debug' title='debug' alt='debug'><i class='material-icons'>low_priority</i></td>
					<td class='timestamp'>4:36:08 PM</td>
					<td class='step-details'>测试地址:http://192.168.101.214:8398/business/pubinfo/identify</td>
				</tr>
				<tr class='log' status='debug'>
					<td class='status debug' title='debug' alt='debug'><i class='material-icons'>low_priority</i></td>
					<td class='timestamp'>4:36:08 PM</td>
					<td class='step-details'>用例编号:31</td>
				</tr>
				<tr class='log' status='debug'>
					<td class='status debug' title='debug' alt='debug'><i class='material-icons'>low_priority</i></td>
					<td class='timestamp'>4:36:08 PM</td>
					<td class='step-details'>用例名称:N方案号码仅上线HUAWEI2_请求HUAWEI2_正常返回</td>
				</tr>
				<tr class='log' status='debug'>
					<td class='status debug' title='debug' alt='debug'><i class='material-icons'>low_priority</i></td>
					<td class='timestamp'>4:36:08 PM</td>
					<td class='step-details'>请求头:{"uid":"64f2f9ea0a9b9d437143e89d7047aec670c2009f6eefea9c5ada3d2abde1cc4b","crypt":"3","tk":"h1Cj37fYyQk+Fj8jnFGb3DaSjzV37UknnqKmaWV8JfYoHv96dq8mNl5x0v9DBkSUodsGwVjqW4mImSxbZDh7kTjP1+UBEyoaknLpREgj0ZY=","apiver":"2","User-Agent":"Dalvik/2.1.0 (Linux; U; Android 7.0.0; M6 Note Build/NRD90M)","sdkver":"201607011616","chan":"HUAWEI2","dp":"0831d617944f2fd667513f1030723d4a","nz":"1","uiver":"201502020000"}</td>
				</tr>
				<tr class='log' status='debug'>
					<td class='status debug' title='debug' alt='debug'><i class='material-icons'>low_priority</i></td>
					<td class='timestamp'>4:36:08 PM</td>
					<td class='step-details'>请求体:{"p":"8a06bb87ebab640320644ea38a45ab22ede371bfade35150576dbe5c4af3dd03","numParams":[{"iccid":"2","mnc":"2","requestType":"2","ci":"2","imsi":"2","mcc":"2","numList":[{"menuVersion":"20181226010134","ac":"2","f":"2","num":"60499105405","sign":"9326113dfd6d87626a12da1da461640ec53febc7cf9e5cf8aaca57c4ec4f4268","versionCode":"2010010101011","tc":"2","dt":"2","rc":"2","pubVersion":"20190327084537","areaCode":"GD","sg":"tsf","subVersion":"20190313115128","ec":"2"}],"cnum":"2","lac":"2"}],"timemills":1555039614282}</td>
				</tr>
				<tr class='log' status='debug'>
					<td class='status debug' title='debug' alt='debug'><i class='material-icons'>low_priority</i></td>
					<td class='timestamp'>4:36:08 PM</td>
					<td class='step-details'>======================返回体=========================</td>
				</tr>
				<tr class='log' status='debug'>
					<td class='status debug' title='debug' alt='debug'><i class='material-icons'>low_priority</i></td>
					<td class='timestamp'>4:36:08 PM</td>
					<td class='step-details'>响应体:{"body":{"pubInfoList":[{"menuInfo":{"menuList":[{"menuCode":"01","menuName":"华为2全国1","menuType":"CALL","phoneNum":"123456"},{"menuCode":"02","menuName":"华为2全国2","menuType":"CALL","phoneNum":"123456"},{"menuCode":"03","menuName":"华为2全国2","menuType":"CALL","phoneNum":"123456"}],"menuModel":"1","menuVersion":"20190328111322","pubId":1139637630,"rid":7498631},"pubInfo":{"corpLevel":0,"pubName":"好欢螺-test","pubType":"电子商务-电商B2C;","pubTypeCode":"003003","pubVersion":"20190416092801","rid":7498631,"status":1,"versionCode":"20190416092801"},"pubNumList":[{"areaCode":"CN;","f":"1","identType":4,"num":"60499105405","pubId":1139637630,"rid":7498631,"sign":"9326113dfd6d87626a12da1da461640ec53febc7cf9e5cf8aaca57c4ec4f4268","status":1,"subVersion":20190328165153,"type":1}]}]},"desc":"OK_WITH_VALUE","status":2}</td>
				</tr>
				<tr class='log' status='debug'>
					<td class='status debug' title='debug' alt='debug'><i class='material-icons'>low_priority</i></td>
					<td class='timestamp'>4:36:08 PM</td>
					<td class='step-details'>响应耗时:1</td>
				</tr>
				<tr class='log' status='fail'>
					<td class='status fail' title='fail' alt='fail'><i class='material-icons'>cancel</i></td>
					<td class='timestamp'>4:36:08 PM</td>
					<td class='step-details'><pre>java.lang.AssertionError: 不匹配 expected [0] but found [1]
	at org.testng.Assert.fail(Assert.java:94)
	at org.testng.Assert.failNotEquals(Assert.java:494)
	at org.testng.Assert.assertEquals(Assert.java:123)
	at org.testng.Assert.assertEquals(Assert.java:176)
	at TestCase.excuseTest.ExcuseNewPub_Identify.test(ExcuseNewPub_Identify.java:154)
	at sun.reflect.NativeMethodAccessorImpl.invoke0(Native Method)
	at sun.reflect.NativeMethodAccessorImpl.invoke(NativeMethodAccessorImpl.java:62)
	at sun.reflect.DelegatingMethodAccessorImpl.invoke(DelegatingMethodAccessorImpl.java:43)
	at java.lang.reflect.Method.invoke(Method.java:498)
	at org.testng.internal.MethodInvocationHelper.invokeMethod(MethodInvocationHelper.java:85)
	at org.testng.internal.Invoker.invokeMethod(Invoker.java:696)
	at org.testng.internal.Invoker.invokeTestMethod(Invoker.java:882)
	at org.testng.internal.Invoker.invokeTestMethods(Invoker.java:1189)
	at org.testng.internal.TestMethodWorker.invokeTestMethods(TestMethodWorker.java:124)
	at org.testng.internal.TestMethodWorker.run(TestMethodWorker.java:108)
	at org.testng.TestRunner.privateRun(TestRunner.java:767)
	at org.testng.TestRunner.run(TestRunner.java:617)
	at org.testng.SuiteRunner.runTest(SuiteRunner.java:348)
	at org.testng.SuiteRunner.runSequentially(SuiteRunner.java:343)
	at org.testng.SuiteRunner.privateRun(SuiteRunner.java:305)
	at org.testng.SuiteRunner.run(SuiteRunner.java:254)
	at org.testng.SuiteRunnerWorker.runSuite(SuiteRunnerWorker.java:52)
	at org.testng.SuiteRunnerWorker.run(SuiteRunnerWorker.java:86)
	at org.testng.TestNG.runSuitesSequentially(TestNG.java:1224)
	at org.testng.TestNG.runSuitesLocally(TestNG.java:1149)
	at org.testng.TestNG.run(TestNG.java:1057)
	at org.testng.IDEARemoteTestNG.run(IDEARemoteTestNG.java:72)
	at org.testng.RemoteTestNGStarter.main(RemoteTestNGStarter.java:123)
</pre></td>
				</tr>
			</tbody>
		</table>
	</div>
					</div>
				</li>
				
				
				<li class='test displayed active  fail' status='fail' bdd='false' test-id='10'>
					<div class='test-heading'>
						<span class='test-name'>可签名可区域号码_正确签名_返回签名对应企业</span>
						<span class='test-time'>Apr 25, 2019 04:36:08 PM</span>
						<span class='test-status right fail'>fail</span>
					</div>
					<div class='test-content hide'>
<div class='test-time-info'>
	<span class='label start-time'>Apr 25, 2019 04:36:08 PM</span>
	<span class='label end-time'>Apr 25, 2019 04:36:08 PM</span>
	<span class='label time-taken grey lighten-1 white-text'>0h 0m 0s+100ms</span>
</div>
	<div class='test-steps'>
		<table class='bordered table-results'>
			<thead>
				<tr>
					<th>Status</th>
					<th>Timestamp</th>
					<th>Details</th>
				</tr>
			</thead>
			<tbody>
				<tr class='log' status='debug'>
					<td class='status debug' title='debug' alt='debug'><i class='material-icons'>low_priority</i></td>
					<td class='timestamp'>4:36:08 PM</td>
					<td class='step-details'>======================start=========================</td>
				</tr>
				<tr class='log' status='debug'>
					<td class='status debug' title='debug' alt='debug'><i class='material-icons'>low_priority</i></td>
					<td class='timestamp'>4:36:08 PM</td>
					<td class='step-details'>测试地址:http://192.168.101.214:8398/business/pubinfo/identify</td>
				</tr>
				<tr class='log' status='debug'>
					<td class='status debug' title='debug' alt='debug'><i class='material-icons'>low_priority</i></td>
					<td class='timestamp'>4:36:08 PM</td>
					<td class='step-details'>用例编号:32</td>
				</tr>
				<tr class='log' status='debug'>
					<td class='status debug' title='debug' alt='debug'><i class='material-icons'>low_priority</i></td>
					<td class='timestamp'>4:36:08 PM</td>
					<td class='step-details'>用例名称:可签名可区域号码_正确签名_返回签名对应企业</td>
				</tr>
				<tr class='log' status='debug'>
					<td class='status debug' title='debug' alt='debug'><i class='material-icons'>low_priority</i></td>
					<td class='timestamp'>4:36:08 PM</td>
					<td class='step-details'>请求头:{"uid":"64f2f9ea0a9b9d437143e89d7047aec670c2009f6eefea9c5ada3d2abde1cc4b","crypt":"3","tk":"kY8C27Bp+2SWKvfGjCpWl7WsTITTUSJaqdfu805ThocMMwn2RUhvQlh/dM3bPr6W9hGjhacB7TJcagPYbqhY0n2PzhgzJBdj01nJMMLjY9Y=","apiver":"2","User-Agent":"Dalvik/2.1.0 (Linux; U; Android 7.0.0; M6 Note Build/NRD90M)","sdkver":"201607011616","chan":"HUAWEI2","dp":"0831d617944f2fd667513f1030723d4a","nz":"1","uiver":"201502020000"}</td>
				</tr>
				<tr class='log' status='debug'>
					<td class='status debug' title='debug' alt='debug'><i class='material-icons'>low_priority</i></td>
					<td class='timestamp'>4:36:08 PM</td>
					<td class='step-details'>请求体:{"p":"8a06bb87ebab640320644ea38a45ab22ede371bfade35150576dbe5c4af3dd03","numParams":[{"iccid":"2","mnc":"2","requestType":"2","ci":"2","imsi":"2","mcc":"2","numList":[{"menuVersion":"20181226010134","ac":"2","f":"2","num":"60499105407","sign":"9326113dfd6d87626a12da1da461640ec53febc7cf9e5cf8aaca57c4ec4f4268","versionCode":"2010010101011","tc":"2","dt":"2","rc":"2","pubVersion":"20190327084537","areaCode":"GD","sg":"tsf","subVersion":"20190313115128","ec":"2"}],"cnum":"2","lac":"2"}],"timemills":1555042554282}</td>
				</tr>
				<tr class='log' status='debug'>
					<td class='status debug' title='debug' alt='debug'><i class='material-icons'>low_priority</i></td>
					<td class='timestamp'>4:36:08 PM</td>
					<td class='step-details'>======================返回体=========================</td>
				</tr>
				<tr class='log' status='debug'>
					<td class='status debug' title='debug' alt='debug'><i class='material-icons'>low_priority</i></td>
					<td class='timestamp'>4:36:08 PM</td>
					<td class='step-details'>响应体:{"body":{"pubInfoList":[{"menuInfo":{"menuList":[{"menuCode":"01","menuName":"华为2全国1","menuType":"CALL","phoneNum":"123456"},{"menuCode":"02","menuName":"华为2全国2","menuType":"CALL","phoneNum":"123456"},{"menuCode":"03","menuName":"华为2全国2","menuType":"CALL","phoneNum":"123456"}],"menuModel":"1","menuVersion":"20190328111322","pubId":1139637632,"rid":7498631},"pubInfo":{"corpLevel":0,"pubName":"好欢螺-test","pubType":"电子商务-电商B2C;","pubTypeCode":"003003","pubVersion":"20190416092801","rid":7498631,"status":1,"versionCode":"20190416092801"},"pubNumList":[{"areaCode":"CN;","f":"1","identType":4,"num":"60499105407","pubId":1139637632,"rid":7498631,"sign":"9326113dfd6d87626a12da1da461640ec53febc7cf9e5cf8aaca57c4ec4f4268","status":1,"subVersion":20190328165153,"type":1}]}]},"desc":"OK_WITH_VALUE","status":2}</td>
				</tr>
				<tr class='log' status='debug'>
					<td class='status debug' title='debug' alt='debug'><i class='material-icons'>low_priority</i></td>
					<td class='timestamp'>4:36:08 PM</td>
					<td class='step-details'>响应耗时:0</td>
				</tr>
				<tr class='log' status='fail'>
					<td class='status fail' title='fail' alt='fail'><i class='material-icons'>cancel</i></td>
					<td class='timestamp'>4:36:08 PM</td>
					<td class='step-details'><pre>java.lang.AssertionError: 不匹配 expected [0] but found [1]
	at org.testng.Assert.fail(Assert.java:94)
	at org.testng.Assert.failNotEquals(Assert.java:494)
	at org.testng.Assert.assertEquals(Assert.java:123)
	at org.testng.Assert.assertEquals(Assert.java:176)
	at TestCase.excuseTest.ExcuseNewPub_Identify.test(ExcuseNewPub_Identify.java:154)
	at sun.reflect.NativeMethodAccessorImpl.invoke0(Native Method)
	at sun.reflect.NativeMethodAccessorImpl.invoke(NativeMethodAccessorImpl.java:62)
	at sun.reflect.DelegatingMethodAccessorImpl.invoke(DelegatingMethodAccessorImpl.java:43)
	at java.lang.reflect.Method.invoke(Method.java:498)
	at org.testng.internal.MethodInvocationHelper.invokeMethod(MethodInvocationHelper.java:85)
	at org.testng.internal.Invoker.invokeMethod(Invoker.java:696)
	at org.testng.internal.Invoker.invokeTestMethod(Invoker.java:882)
	at org.testng.internal.Invoker.invokeTestMethods(Invoker.java:1189)
	at org.testng.internal.TestMethodWorker.invokeTestMethods(TestMethodWorker.java:124)
	at org.testng.internal.TestMethodWorker.run(TestMethodWorker.java:108)
	at org.testng.TestRunner.privateRun(TestRunner.java:767)
	at org.testng.TestRunner.run(TestRunner.java:617)
	at org.testng.SuiteRunner.runTest(SuiteRunner.java:348)
	at org.testng.SuiteRunner.runSequentially(SuiteRunner.java:343)
	at org.testng.SuiteRunner.privateRun(SuiteRunner.java:305)
	at org.testng.SuiteRunner.run(SuiteRunner.java:254)
	at org.testng.SuiteRunnerWorker.runSuite(SuiteRunnerWorker.java:52)
	at org.testng.SuiteRunnerWorker.run(SuiteRunnerWorker.java:86)
	at org.testng.TestNG.runSuitesSequentially(TestNG.java:1224)
	at org.testng.TestNG.runSuitesLocally(TestNG.java:1149)
	at org.testng.TestNG.run(TestNG.java:1057)
	at org.testng.IDEARemoteTestNG.run(IDEARemoteTestNG.java:72)
	at org.testng.RemoteTestNGStarter.main(RemoteTestNGStarter.java:123)
</pre></td>
				</tr>
			</tbody>
		</table>
	</div>
					</div>
				</li>
				
				
				<li class='test displayed active  fail' status='fail' bdd='false' test-id='11'>
					<div class='test-heading'>
						<span class='test-name'>可签名可区域号码_错误签名正确区域_返回区域对应企业</span>
						<span class='test-time'>Apr 25, 2019 04:36:08 PM</span>
						<span class='test-status right fail'>fail</span>
					</div>
					<div class='test-content hide'>
<div class='test-time-info'>
	<span class='label start-time'>Apr 25, 2019 04:36:08 PM</span>
	<span class='label end-time'>Apr 25, 2019 04:36:08 PM</span>
	<span class='label time-taken grey lighten-1 white-text'>0h 0m 0s+94ms</span>
</div>
	<div class='test-steps'>
		<table class='bordered table-results'>
			<thead>
				<tr>
					<th>Status</th>
					<th>Timestamp</th>
					<th>Details</th>
				</tr>
			</thead>
			<tbody>
				<tr class='log' status='debug'>
					<td class='status debug' title='debug' alt='debug'><i class='material-icons'>low_priority</i></td>
					<td class='timestamp'>4:36:08 PM</td>
					<td class='step-details'>======================start=========================</td>
				</tr>
				<tr class='log' status='debug'>
					<td class='status debug' title='debug' alt='debug'><i class='material-icons'>low_priority</i></td>
					<td class='timestamp'>4:36:08 PM</td>
					<td class='step-details'>测试地址:http://192.168.101.214:8398/business/pubinfo/identify</td>
				</tr>
				<tr class='log' status='debug'>
					<td class='status debug' title='debug' alt='debug'><i class='material-icons'>low_priority</i></td>
					<td class='timestamp'>4:36:08 PM</td>
					<td class='step-details'>用例编号:33</td>
				</tr>
				<tr class='log' status='debug'>
					<td class='status debug' title='debug' alt='debug'><i class='material-icons'>low_priority</i></td>
					<td class='timestamp'>4:36:08 PM</td>
					<td class='step-details'>用例名称:可签名可区域号码_错误签名正确区域_返回区域对应企业</td>
				</tr>
				<tr class='log' status='debug'>
					<td class='status debug' title='debug' alt='debug'><i class='material-icons'>low_priority</i></td>
					<td class='timestamp'>4:36:08 PM</td>
					<td class='step-details'>请求头:{"uid":"64f2f9ea0a9b9d437143e89d7047aec670c2009f6eefea9c5ada3d2abde1cc4b","crypt":"3","tk":"JAnq2FXI2IB8ooECBPWs8v7PhkEpGE4bCtHPT0CIJ0/zaKXwSQ3cMiE7MGMWvghfE0Q81WilOFAsOi/w/qElyLWXAoMHX6R45mwMBek9AyM=","apiver":"2","User-Agent":"Dalvik/2.1.0 (Linux; U; Android 7.0.0; M6 Note Build/NRD90M)","sdkver":"201607011616","chan":"HUAWEI2","dp":"0831d617944f2fd667513f1030723d4a","nz":"1","uiver":"201502020000"}</td>
				</tr>
				<tr class='log' status='debug'>
					<td class='status debug' title='debug' alt='debug'><i class='material-icons'>low_priority</i></td>
					<td class='timestamp'>4:36:08 PM</td>
					<td class='step-details'>请求体:{"p":"8a06bb87ebab640320644ea38a45ab22ede371bfade35150576dbe5c4af3dd03","numParams":[{"iccid":"2","mnc":"2","requestType":"2","ci":"2","imsi":"2","mcc":"2","numList":[{"menuVersion":"20181226010134","ac":"2","f":"2","num":"60499105407","versionCode":"2010010101011","tc":"2","dt":"2","rc":"2","pubVersion":"20190327084537","areaCode":"GD","sg":"tsf","subVersion":"20190313115128","ec":"2"}],"cnum":"2","lac":"2"}],"timemills":1555043024282}</td>
				</tr>
				<tr class='log' status='debug'>
					<td class='status debug' title='debug' alt='debug'><i class='material-icons'>low_priority</i></td>
					<td class='timestamp'>4:36:08 PM</td>
					<td class='step-details'>======================返回体=========================</td>
				</tr>
				<tr class='log' status='debug'>
					<td class='status debug' title='debug' alt='debug'><i class='material-icons'>low_priority</i></td>
					<td class='timestamp'>4:36:08 PM</td>
					<td class='step-details'>响应体:{"desc":"OK_NO_VALUE","status":3}</td>
				</tr>
				<tr class='log' status='debug'>
					<td class='status debug' title='debug' alt='debug'><i class='material-icons'>low_priority</i></td>
					<td class='timestamp'>4:36:08 PM</td>
					<td class='step-details'>响应耗时:0</td>
				</tr>
				<tr class='log' status='fail'>
					<td class='status fail' title='fail' alt='fail'><i class='material-icons'>cancel</i></td>
					<td class='timestamp'>4:36:08 PM</td>
					<td class='step-details'><pre>java.lang.AssertionError: 不匹配 expected [0] but found [1]
	at org.testng.Assert.fail(Assert.java:94)
	at org.testng.Assert.failNotEquals(Assert.java:494)
	at org.testng.Assert.assertEquals(Assert.java:123)
	at org.testng.Assert.assertEquals(Assert.java:176)
	at TestCase.excuseTest.ExcuseNewPub_Identify.test(ExcuseNewPub_Identify.java:154)
	at sun.reflect.NativeMethodAccessorImpl.invoke0(Native Method)
	at sun.reflect.NativeMethodAccessorImpl.invoke(NativeMethodAccessorImpl.java:62)
	at sun.reflect.DelegatingMethodAccessorImpl.invoke(DelegatingMethodAccessorImpl.java:43)
	at java.lang.reflect.Method.invoke(Method.java:498)
	at org.testng.internal.MethodInvocationHelper.invokeMethod(MethodInvocationHelper.java:85)
	at org.testng.internal.Invoker.invokeMethod(Invoker.java:696)
	at org.testng.internal.Invoker.invokeTestMethod(Invoker.java:882)
	at org.testng.internal.Invoker.invokeTestMethods(Invoker.java:1189)
	at org.testng.internal.TestMethodWorker.invokeTestMethods(TestMethodWorker.java:124)
	at org.testng.internal.TestMethodWorker.run(TestMethodWorker.java:108)
	at org.testng.TestRunner.privateRun(TestRunner.java:767)
	at org.testng.TestRunner.run(TestRunner.java:617)
	at org.testng.SuiteRunner.runTest(SuiteRunner.java:348)
	at org.testng.SuiteRunner.runSequentially(SuiteRunner.java:343)
	at org.testng.SuiteRunner.privateRun(SuiteRunner.java:305)
	at org.testng.SuiteRunner.run(SuiteRunner.java:254)
	at org.testng.SuiteRunnerWorker.runSuite(SuiteRunnerWorker.java:52)
	at org.testng.SuiteRunnerWorker.run(SuiteRunnerWorker.java:86)
	at org.testng.TestNG.runSuitesSequentially(TestNG.java:1224)
	at org.testng.TestNG.runSuitesLocally(TestNG.java:1149)
	at org.testng.TestNG.run(TestNG.java:1057)
	at org.testng.IDEARemoteTestNG.run(IDEARemoteTestNG.java:72)
	at org.testng.RemoteTestNGStarter.main(RemoteTestNGStarter.java:123)
</pre></td>
				</tr>
			</tbody>
		</table>
	</div>
					</div>
				</li>
				
				
				<li class='test displayed active  pass' status='pass' bdd='false' test-id='12'>
					<div class='test-heading'>
						<span class='test-name'>1方案号码仅上线HUAWEI2_请求HUAWEI3_返回无数据</span>
						<span class='test-time'>Apr 25, 2019 04:36:08 PM</span>
						<span class='test-status right pass'>pass</span>
					</div>
					<div class='test-content hide'>
<div class='test-time-info'>
	<span class='label start-time'>Apr 25, 2019 04:36:08 PM</span>
	<span class='label end-time'>Apr 25, 2019 04:36:08 PM</span>
	<span class='label time-taken grey lighten-1 white-text'>0h 0m 0s+110ms</span>
</div>
	<div class='test-steps'>
		<table class='bordered table-results'>
			<thead>
				<tr>
					<th>Status</th>
					<th>Timestamp</th>
					<th>Details</th>
				</tr>
			</thead>
			<tbody>
				<tr class='log' status='debug'>
					<td class='status debug' title='debug' alt='debug'><i class='material-icons'>low_priority</i></td>
					<td class='timestamp'>4:36:08 PM</td>
					<td class='step-details'>======================start=========================</td>
				</tr>
				<tr class='log' status='debug'>
					<td class='status debug' title='debug' alt='debug'><i class='material-icons'>low_priority</i></td>
					<td class='timestamp'>4:36:08 PM</td>
					<td class='step-details'>测试地址:http://192.168.101.214:8398/business/pubinfo/identify</td>
				</tr>
				<tr class='log' status='debug'>
					<td class='status debug' title='debug' alt='debug'><i class='material-icons'>low_priority</i></td>
					<td class='timestamp'>4:36:08 PM</td>
					<td class='step-details'>用例编号:29</td>
				</tr>
				<tr class='log' status='debug'>
					<td class='status debug' title='debug' alt='debug'><i class='material-icons'>low_priority</i></td>
					<td class='timestamp'>4:36:08 PM</td>
					<td class='step-details'>用例名称:1方案号码仅上线HUAWEI2_请求HUAWEI3_返回无数据</td>
				</tr>
				<tr class='log' status='debug'>
					<td class='status debug' title='debug' alt='debug'><i class='material-icons'>low_priority</i></td>
					<td class='timestamp'>4:36:08 PM</td>
					<td class='step-details'>请求头:{"uid":"64f2f9ea0a9b9d437143e89d7047aec670c2009f6eefea9c5ada3d2abde1cc4b","crypt":"3","tk":"UeKBL7+FUuPXSgRBuxQqLrqs6qdLNuoVHee6Fh1QJO4I+fGQEgVPsOEC/a1jU5IgUz4uJfcZ/qWLx1iolmdkrEk429bcmVFbHXW3ZlPKkB8=","apiver":"2","User-Agent":"Dalvik/2.1.0 (Linux; U; Android 7.0.0; M6 Note Build/NRD90M)","sdkver":"201607011616","chan":"HUAWEI3","dp":"0831d617944f2fd667513f1030723d4a","nz":"1","uiver":"201502020000"}</td>
				</tr>
				<tr class='log' status='debug'>
					<td class='status debug' title='debug' alt='debug'><i class='material-icons'>low_priority</i></td>
					<td class='timestamp'>4:36:08 PM</td>
					<td class='step-details'>请求体:{"p":"8a06bb87ebab640320644ea38a45ab22ede371bfade35150576dbe5c4af3dd03","numParams":[{"iccid":"2","mnc":"2","requestType":"2","ci":"2","imsi":"2","mcc":"2","numList":[{"menuVersion":"20181226010134","ac":"2","f":"2","num":"60499105403","versionCode":"2010010101011","tc":"2","dt":"2","rc":"2","pubVersion":"20190327084537","areaCode":"GD","sg":"tsf","subVersion":"20190313115128","ec":"2"}],"cnum":"2","lac":"2"}],"timemills":1555034744281}</td>
				</tr>
				<tr class='log' status='debug'>
					<td class='status debug' title='debug' alt='debug'><i class='material-icons'>low_priority</i></td>
					<td class='timestamp'>4:36:08 PM</td>
					<td class='step-details'>======================返回体=========================</td>
				</tr>
				<tr class='log' status='debug'>
					<td class='status debug' title='debug' alt='debug'><i class='material-icons'>low_priority</i></td>
					<td class='timestamp'>4:36:08 PM</td>
					<td class='step-details'>响应体:{"desc":"OK_NO_VALUE","status":3}</td>
				</tr>
				<tr class='log' status='debug'>
					<td class='status debug' title='debug' alt='debug'><i class='material-icons'>low_priority</i></td>
					<td class='timestamp'>4:36:08 PM</td>
					<td class='step-details'>响应耗时:1</td>
				</tr>
				<tr class='log' status='debug'>
					<td class='status debug' title='debug' alt='debug'><i class='material-icons'>low_priority</i></td>
					<td class='timestamp'>4:36:08 PM</td>
					<td class='step-details'>是</td>
				</tr>
				<tr class='log' status='debug'>
					<td class='status debug' title='debug' alt='debug'><i class='material-icons'>low_priority</i></td>
					<td class='timestamp'>4:36:08 PM</td>
					<td class='step-details'>======================end=========================</td>
				</tr>
				<tr class='log' status='pass'>
					<td class='status pass' title='pass' alt='pass'><i class='material-icons'>check_circle</i></td>
					<td class='timestamp'>4:36:08 PM</td>
					<td class='step-details'>Test passed</td>
				</tr>
			</tbody>
		</table>
	</div>
					</div>
				</li>
				
				
				<li class='test displayed active  pass' status='pass' bdd='false' test-id='13'>
					<div class='test-heading'>
						<span class='test-name'>N方案号码仅上线HUAWEI2_请求HUAWEI3_返回无数据</span>
						<span class='test-time'>Apr 25, 2019 04:36:08 PM</span>
						<span class='test-status right pass'>pass</span>
					</div>
					<div class='test-content hide'>
<div class='test-time-info'>
	<span class='label start-time'>Apr 25, 2019 04:36:08 PM</span>
	<span class='label end-time'>Apr 25, 2019 04:36:08 PM</span>
	<span class='label time-taken grey lighten-1 white-text'>0h 0m 0s+183ms</span>
</div>
	<div class='test-steps'>
		<table class='bordered table-results'>
			<thead>
				<tr>
					<th>Status</th>
					<th>Timestamp</th>
					<th>Details</th>
				</tr>
			</thead>
			<tbody>
				<tr class='log' status='debug'>
					<td class='status debug' title='debug' alt='debug'><i class='material-icons'>low_priority</i></td>
					<td class='timestamp'>4:36:08 PM</td>
					<td class='step-details'>======================start=========================</td>
				</tr>
				<tr class='log' status='debug'>
					<td class='status debug' title='debug' alt='debug'><i class='material-icons'>low_priority</i></td>
					<td class='timestamp'>4:36:08 PM</td>
					<td class='step-details'>测试地址:http://192.168.101.214:8398/business/pubinfo/identify</td>
				</tr>
				<tr class='log' status='debug'>
					<td class='status debug' title='debug' alt='debug'><i class='material-icons'>low_priority</i></td>
					<td class='timestamp'>4:36:08 PM</td>
					<td class='step-details'>用例编号:30</td>
				</tr>
				<tr class='log' status='debug'>
					<td class='status debug' title='debug' alt='debug'><i class='material-icons'>low_priority</i></td>
					<td class='timestamp'>4:36:08 PM</td>
					<td class='step-details'>用例名称:N方案号码仅上线HUAWEI2_请求HUAWEI3_返回无数据</td>
				</tr>
				<tr class='log' status='debug'>
					<td class='status debug' title='debug' alt='debug'><i class='material-icons'>low_priority</i></td>
					<td class='timestamp'>4:36:08 PM</td>
					<td class='step-details'>请求头:{"uid":"64f2f9ea0a9b9d437143e89d7047aec670c2009f6eefea9c5ada3d2abde1cc4b","crypt":"3","tk":"OMBB4oxIwHYd1EnGx0RFYMTpO7+8H4aORd8Sf2nm1+n0rcdRL6zihqjZQmvOBH0Ud66oc7iXu/a7INr87sb2EdOZTyU5RmGAUkZyPELASMI=","apiver":"2","User-Agent":"Dalvik/2.1.0 (Linux; U; Android 7.0.0; M6 Note Build/NRD90M)","sdkver":"201607011616","chan":"HUAWEI3","dp":"0831d617944f2fd667513f1030723d4a","nz":"1","uiver":"201502020000"}</td>
				</tr>
				<tr class='log' status='debug'>
					<td class='status debug' title='debug' alt='debug'><i class='material-icons'>low_priority</i></td>
					<td class='timestamp'>4:36:08 PM</td>
					<td class='step-details'>请求体:{"p":"8a06bb87ebab640320644ea38a45ab22ede371bfade35150576dbe5c4af3dd03","numParams":[{"iccid":"2","mnc":"2","requestType":"2","ci":"2","imsi":"2","mcc":"2","numList":[{"menuVersion":"20181226010134","ac":"2","f":"2","num":"60499105405","sign":"9326113dfd6d87626a12da1da461640ec53febc7cf9e5cf8aaca57c4ec4f4268","versionCode":"2010010101011","tc":"2","dt":"2","rc":"2","pubVersion":"20190327084537","areaCode":"GD","sg":"tsf","subVersion":"20190313115128","ec":"2"}],"cnum":"2","lac":"2"}],"timemills":1555039584281}</td>
				</tr>
				<tr class='log' status='debug'>
					<td class='status debug' title='debug' alt='debug'><i class='material-icons'>low_priority</i></td>
					<td class='timestamp'>4:36:08 PM</td>
					<td class='step-details'>======================返回体=========================</td>
				</tr>
				<tr class='log' status='debug'>
					<td class='status debug' title='debug' alt='debug'><i class='material-icons'>low_priority</i></td>
					<td class='timestamp'>4:36:08 PM</td>
					<td class='step-details'>响应体:{"desc":"OK_NO_VALUE","status":3}</td>
				</tr>
				<tr class='log' status='debug'>
					<td class='status debug' title='debug' alt='debug'><i class='material-icons'>low_priority</i></td>
					<td class='timestamp'>4:36:08 PM</td>
					<td class='step-details'>响应耗时:0</td>
				</tr>
				<tr class='log' status='debug'>
					<td class='status debug' title='debug' alt='debug'><i class='material-icons'>low_priority</i></td>
					<td class='timestamp'>4:36:08 PM</td>
					<td class='step-details'>是</td>
				</tr>
				<tr class='log' status='debug'>
					<td class='status debug' title='debug' alt='debug'><i class='material-icons'>low_priority</i></td>
					<td class='timestamp'>4:36:08 PM</td>
					<td class='step-details'>======================end=========================</td>
				</tr>
				<tr class='log' status='pass'>
					<td class='status pass' title='pass' alt='pass'><i class='material-icons'>check_circle</i></td>
					<td class='timestamp'>4:36:08 PM</td>
					<td class='step-details'>Test passed</td>
				</tr>
			</tbody>
		</table>
	</div>
					</div>
				</li>
			</ul>
		</div>
	</div>
	<!-- subview left -->

	<div class='subview-right left'>
		<div class='view-summary'>
			<h5 class='test-name'></h5>

			<div id='step-filters' class="right">
				<span class="blue-text" status="info" alt="info" title="info"><i class="material-icons">info_outline</i></span>
				<span class="green-text" status="pass" alt="pass" title="pass"><i class="material-icons">check_circle</i></span>
				<span class="red-text" status="fail" alt="fail" title="fail"><i class="material-icons">cancel</i></span>
				<span class="red-text text-darken-4" status="fatal" alt="fatal" title="fatal"><i class="material-icons">cancel</i></span>
				<span class="pink-text text-lighten-1" status="error" alt="error" title="error"><i class="material-icons">error</i></span>
				<span class="orange-text" alt="warning" status="warning" title="warning"><i class="material-icons">warning</i></span>
				<span class="teal-text" status="skip" alt="skip" title="skip"><i class="material-icons">redo</i></span>
				<span status="clear" alt="Clear filters" title="Clear filters"><i class="material-icons">clear</i></span>
			</div>
		</div>
	</div>
	<!-- subview right -->

</div>
<!-- test view -->
<!-- category view -->
<div id='exception-view' class='view hide'>

    <section id='controls'>
        <div class='controls grey lighten-4'>
            <!-- search -->
            <div class='chip transparent' alt='Search Tests' title='Search Tests'>
                <a href="#" class='search-div'>
                    <i class='material-icons'>search</i> Search
                </a>

                <div class='input-field left hide'>
                    <input id='search-tests' type='text' class='validate browser-default' placeholder='Search Tests...'>
                </div>

            </div>
            <!-- search -->
        </div>
    </section>

    <div class='subview-left left'>

        <div class='view-summary'>
            <h5>Exceptions</h3>
                <ul id='exception-collection' class='exception-collection'>

                        <li class='exception displayed active'>
                            <div class='exception-heading'>
                                <span class='exception-name'>java.lang.AssertionError</span>
                                <span class='exception-count right'><span class='label red lighten-1 white-text'>11</span></span>
                            </div>
                            <div class='exception-content hide'>
                                <div class='exception-tests'>
                                    <table class='bordered table-results'>
                                        <thead>
                                        <tr>
                                            <th>Timestamp</th>
                                            <th>TestName</th>
                                            <th>Status</th>
                                        </tr>
                                        </thead>
                                        <tbody>
                                                    <tr>
                                                        <td>Apr 25, 2019 04:36:05 PM</td>
                                                        <td class='linked' test-id='1'>N方案号码_签名错误_无数据返回</td>
                                                        <td><pre><pre>java.lang.AssertionError: 不匹配 expected [0] but found [1]
	at org.testng.Assert.fail(Assert.java:94)
	at org.testng.Assert.failNotEquals(Assert.java:494)
	at org.testng.Assert.assertEquals(Assert.java:123)
	at org.testng.Assert.assertEquals(Assert.java:176)
	at TestCase.excuseTest.ExcuseNewPub_Identify.test(ExcuseNewPub_Identify.java:154)
	at sun.reflect.NativeMethodAccessorImpl.invoke0(Native Method)
	at sun.reflect.NativeMethodAccessorImpl.invoke(NativeMethodAccessorImpl.java:62)
	at sun.reflect.DelegatingMethodAccessorImpl.invoke(DelegatingMethodAccessorImpl.java:43)
	at java.lang.reflect.Method.invoke(Method.java:498)
	at org.testng.internal.MethodInvocationHelper.invokeMethod(MethodInvocationHelper.java:85)
	at org.testng.internal.Invoker.invokeMethod(Invoker.java:696)
	at org.testng.internal.Invoker.invokeTestMethod(Invoker.java:882)
	at org.testng.internal.Invoker.invokeTestMethods(Invoker.java:1189)
	at org.testng.internal.TestMethodWorker.invokeTestMethods(TestMethodWorker.java:124)
	at org.testng.internal.TestMethodWorker.run(TestMethodWorker.java:108)
	at org.testng.TestRunner.privateRun(TestRunner.java:767)
	at org.testng.TestRunner.run(TestRunner.java:617)
	at org.testng.SuiteRunner.runTest(SuiteRunner.java:348)
	at org.testng.SuiteRunner.runSequentially(SuiteRunner.java:343)
	at org.testng.SuiteRunner.privateRun(SuiteRunner.java:305)
	at org.testng.SuiteRunner.run(SuiteRunner.java:254)
	at org.testng.SuiteRunnerWorker.runSuite(SuiteRunnerWorker.java:52)
	at org.testng.SuiteRunnerWorker.run(SuiteRunnerWorker.java:86)
	at org.testng.TestNG.runSuitesSequentially(TestNG.java:1224)
	at org.testng.TestNG.runSuitesLocally(TestNG.java:1149)
	at org.testng.TestNG.run(TestNG.java:1057)
	at org.testng.IDEARemoteTestNG.run(IDEARemoteTestNG.java:72)
	at org.testng.RemoteTestNGStarter.main(RemoteTestNGStarter.java:123)
</pre></pre></td>
                                                    </tr>
                                                    <tr>
                                                        <td>Apr 25, 2019 04:36:07 PM</td>
                                                        <td class='linked' test-id='2'>N方案号码_签名正确_正确识别</td>
                                                        <td><pre><pre>java.lang.AssertionError: 不匹配 expected [0] but found [1]
	at org.testng.Assert.fail(Assert.java:94)
	at org.testng.Assert.failNotEquals(Assert.java:494)
	at org.testng.Assert.assertEquals(Assert.java:123)
	at org.testng.Assert.assertEquals(Assert.java:176)
	at TestCase.excuseTest.ExcuseNewPub_Identify.test(ExcuseNewPub_Identify.java:154)
	at sun.reflect.NativeMethodAccessorImpl.invoke0(Native Method)
	at sun.reflect.NativeMethodAccessorImpl.invoke(NativeMethodAccessorImpl.java:62)
	at sun.reflect.DelegatingMethodAccessorImpl.invoke(DelegatingMethodAccessorImpl.java:43)
	at java.lang.reflect.Method.invoke(Method.java:498)
	at org.testng.internal.MethodInvocationHelper.invokeMethod(MethodInvocationHelper.java:85)
	at org.testng.internal.Invoker.invokeMethod(Invoker.java:696)
	at org.testng.internal.Invoker.invokeTestMethod(Invoker.java:882)
	at org.testng.internal.Invoker.invokeTestMethods(Invoker.java:1189)
	at org.testng.internal.TestMethodWorker.invokeTestMethods(TestMethodWorker.java:124)
	at org.testng.internal.TestMethodWorker.run(TestMethodWorker.java:108)
	at org.testng.TestRunner.privateRun(TestRunner.java:767)
	at org.testng.TestRunner.run(TestRunner.java:617)
	at org.testng.SuiteRunner.runTest(SuiteRunner.java:348)
	at org.testng.SuiteRunner.runSequentially(SuiteRunner.java:343)
	at org.testng.SuiteRunner.privateRun(SuiteRunner.java:305)
	at org.testng.SuiteRunner.run(SuiteRunner.java:254)
	at org.testng.SuiteRunnerWorker.runSuite(SuiteRunnerWorker.java:52)
	at org.testng.SuiteRunnerWorker.run(SuiteRunnerWorker.java:86)
	at org.testng.TestNG.runSuitesSequentially(TestNG.java:1224)
	at org.testng.TestNG.runSuitesLocally(TestNG.java:1149)
	at org.testng.TestNG.run(TestNG.java:1057)
	at org.testng.IDEARemoteTestNG.run(IDEARemoteTestNG.java:72)
	at org.testng.RemoteTestNGStarter.main(RemoteTestNGStarter.java:123)
</pre></pre></td>
                                                    </tr>
                                                    <tr>
                                                        <td>Apr 25, 2019 04:36:07 PM</td>
                                                        <td class='linked' test-id='3'>1方案广州号码_区域为020_正确识别</td>
                                                        <td><pre><pre>java.lang.AssertionError: 不匹配 expected [0] but found [1]
	at org.testng.Assert.fail(Assert.java:94)
	at org.testng.Assert.failNotEquals(Assert.java:494)
	at org.testng.Assert.assertEquals(Assert.java:123)
	at org.testng.Assert.assertEquals(Assert.java:176)
	at TestCase.excuseTest.ExcuseNewPub_Identify.test(ExcuseNewPub_Identify.java:154)
	at sun.reflect.NativeMethodAccessorImpl.invoke0(Native Method)
	at sun.reflect.NativeMethodAccessorImpl.invoke(NativeMethodAccessorImpl.java:62)
	at sun.reflect.DelegatingMethodAccessorImpl.invoke(DelegatingMethodAccessorImpl.java:43)
	at java.lang.reflect.Method.invoke(Method.java:498)
	at org.testng.internal.MethodInvocationHelper.invokeMethod(MethodInvocationHelper.java:85)
	at org.testng.internal.Invoker.invokeMethod(Invoker.java:696)
	at org.testng.internal.Invoker.invokeTestMethod(Invoker.java:882)
	at org.testng.internal.Invoker.invokeTestMethods(Invoker.java:1189)
	at org.testng.internal.TestMethodWorker.invokeTestMethods(TestMethodWorker.java:124)
	at org.testng.internal.TestMethodWorker.run(TestMethodWorker.java:108)
	at org.testng.TestRunner.privateRun(TestRunner.java:767)
	at org.testng.TestRunner.run(TestRunner.java:617)
	at org.testng.SuiteRunner.runTest(SuiteRunner.java:348)
	at org.testng.SuiteRunner.runSequentially(SuiteRunner.java:343)
	at org.testng.SuiteRunner.privateRun(SuiteRunner.java:305)
	at org.testng.SuiteRunner.run(SuiteRunner.java:254)
	at org.testng.SuiteRunnerWorker.runSuite(SuiteRunnerWorker.java:52)
	at org.testng.SuiteRunnerWorker.run(SuiteRunnerWorker.java:86)
	at org.testng.TestNG.runSuitesSequentially(TestNG.java:1224)
	at org.testng.TestNG.runSuitesLocally(TestNG.java:1149)
	at org.testng.TestNG.run(TestNG.java:1057)
	at org.testng.IDEARemoteTestNG.run(IDEARemoteTestNG.java:72)
	at org.testng.RemoteTestNGStarter.main(RemoteTestNGStarter.java:123)
</pre></pre></td>
                                                    </tr>
                                                    <tr>
                                                        <td>Apr 25, 2019 04:36:07 PM</td>
                                                        <td class='linked' test-id='4'>1方案广州号码_区域为GD_无数据返回</td>
                                                        <td><pre><pre>java.lang.AssertionError: 不匹配 expected [0] but found [1]
	at org.testng.Assert.fail(Assert.java:94)
	at org.testng.Assert.failNotEquals(Assert.java:494)
	at org.testng.Assert.assertEquals(Assert.java:123)
	at org.testng.Assert.assertEquals(Assert.java:176)
	at TestCase.excuseTest.ExcuseNewPub_Identify.test(ExcuseNewPub_Identify.java:154)
	at sun.reflect.NativeMethodAccessorImpl.invoke0(Native Method)
	at sun.reflect.NativeMethodAccessorImpl.invoke(NativeMethodAccessorImpl.java:62)
	at sun.reflect.DelegatingMethodAccessorImpl.invoke(DelegatingMethodAccessorImpl.java:43)
	at java.lang.reflect.Method.invoke(Method.java:498)
	at org.testng.internal.MethodInvocationHelper.invokeMethod(MethodInvocationHelper.java:85)
	at org.testng.internal.Invoker.invokeMethod(Invoker.java:696)
	at org.testng.internal.Invoker.invokeTestMethod(Invoker.java:882)
	at org.testng.internal.Invoker.invokeTestMethods(Invoker.java:1189)
	at org.testng.internal.TestMethodWorker.invokeTestMethods(TestMethodWorker.java:124)
	at org.testng.internal.TestMethodWorker.run(TestMethodWorker.java:108)
	at org.testng.TestRunner.privateRun(TestRunner.java:767)
	at org.testng.TestRunner.run(TestRunner.java:617)
	at org.testng.SuiteRunner.runTest(SuiteRunner.java:348)
	at org.testng.SuiteRunner.runSequentially(SuiteRunner.java:343)
	at org.testng.SuiteRunner.privateRun(SuiteRunner.java:305)
	at org.testng.SuiteRunner.run(SuiteRunner.java:254)
	at org.testng.SuiteRunnerWorker.runSuite(SuiteRunnerWorker.java:52)
	at org.testng.SuiteRunnerWorker.run(SuiteRunnerWorker.java:86)
	at org.testng.TestNG.runSuitesSequentially(TestNG.java:1224)
	at org.testng.TestNG.runSuitesLocally(TestNG.java:1149)
	at org.testng.TestNG.run(TestNG.java:1057)
	at org.testng.IDEARemoteTestNG.run(IDEARemoteTestNG.java:72)
	at org.testng.RemoteTestNGStarter.main(RemoteTestNGStarter.java:123)
</pre></pre></td>
                                                    </tr>
                                                    <tr>
                                                        <td>Apr 25, 2019 04:36:07 PM</td>
                                                        <td class='linked' test-id='5'>已下线号码_返回222</td>
                                                        <td><pre><pre>java.lang.AssertionError: 不匹配 expected [0] but found [1]
	at org.testng.Assert.fail(Assert.java:94)
	at org.testng.Assert.failNotEquals(Assert.java:494)
	at org.testng.Assert.assertEquals(Assert.java:123)
	at org.testng.Assert.assertEquals(Assert.java:176)
	at TestCase.excuseTest.ExcuseNewPub_Identify.test(ExcuseNewPub_Identify.java:154)
	at sun.reflect.NativeMethodAccessorImpl.invoke0(Native Method)
	at sun.reflect.NativeMethodAccessorImpl.invoke(NativeMethodAccessorImpl.java:62)
	at sun.reflect.DelegatingMethodAccessorImpl.invoke(DelegatingMethodAccessorImpl.java:43)
	at java.lang.reflect.Method.invoke(Method.java:498)
	at org.testng.internal.MethodInvocationHelper.invokeMethod(MethodInvocationHelper.java:85)
	at org.testng.internal.Invoker.invokeMethod(Invoker.java:696)
	at org.testng.internal.Invoker.invokeTestMethod(Invoker.java:882)
	at org.testng.internal.Invoker.invokeTestMethods(Invoker.java:1189)
	at org.testng.internal.TestMethodWorker.invokeTestMethods(TestMethodWorker.java:124)
	at org.testng.internal.TestMethodWorker.run(TestMethodWorker.java:108)
	at org.testng.TestRunner.privateRun(TestRunner.java:767)
	at org.testng.TestRunner.run(TestRunner.java:617)
	at org.testng.SuiteRunner.runTest(SuiteRunner.java:348)
	at org.testng.SuiteRunner.runSequentially(SuiteRunner.java:343)
	at org.testng.SuiteRunner.privateRun(SuiteRunner.java:305)
	at org.testng.SuiteRunner.run(SuiteRunner.java:254)
	at org.testng.SuiteRunnerWorker.runSuite(SuiteRunnerWorker.java:52)
	at org.testng.SuiteRunnerWorker.run(SuiteRunnerWorker.java:86)
	at org.testng.TestNG.runSuitesSequentially(TestNG.java:1224)
	at org.testng.TestNG.runSuitesLocally(TestNG.java:1149)
	at org.testng.TestNG.run(TestNG.java:1057)
	at org.testng.IDEARemoteTestNG.run(IDEARemoteTestNG.java:72)
	at org.testng.RemoteTestNGStarter.main(RemoteTestNGStarter.java:123)
</pre></pre></td>
                                                    </tr>
                                                    <tr>
                                                        <td>Apr 25, 2019 04:36:07 PM</td>
                                                        <td class='linked' test-id='6'>1方案全国号码_区域为GD_返回全国数据</td>
                                                        <td><pre><pre>java.lang.AssertionError: 不匹配 expected [0] but found [1]
	at org.testng.Assert.fail(Assert.java:94)
	at org.testng.Assert.failNotEquals(Assert.java:494)
	at org.testng.Assert.assertEquals(Assert.java:123)
	at org.testng.Assert.assertEquals(Assert.java:176)
	at TestCase.excuseTest.ExcuseNewPub_Identify.test(ExcuseNewPub_Identify.java:154)
	at sun.reflect.NativeMethodAccessorImpl.invoke0(Native Method)
	at sun.reflect.NativeMethodAccessorImpl.invoke(NativeMethodAccessorImpl.java:62)
	at sun.reflect.DelegatingMethodAccessorImpl.invoke(DelegatingMethodAccessorImpl.java:43)
	at java.lang.reflect.Method.invoke(Method.java:498)
	at org.testng.internal.MethodInvocationHelper.invokeMethod(MethodInvocationHelper.java:85)
	at org.testng.internal.Invoker.invokeMethod(Invoker.java:696)
	at org.testng.internal.Invoker.invokeTestMethod(Invoker.java:882)
	at org.testng.internal.Invoker.invokeTestMethods(Invoker.java:1189)
	at org.testng.internal.TestMethodWorker.invokeTestMethods(TestMethodWorker.java:124)
	at org.testng.internal.TestMethodWorker.run(TestMethodWorker.java:108)
	at org.testng.TestRunner.privateRun(TestRunner.java:767)
	at org.testng.TestRunner.run(TestRunner.java:617)
	at org.testng.SuiteRunner.runTest(SuiteRunner.java:348)
	at org.testng.SuiteRunner.runSequentially(SuiteRunner.java:343)
	at org.testng.SuiteRunner.privateRun(SuiteRunner.java:305)
	at org.testng.SuiteRunner.run(SuiteRunner.java:254)
	at org.testng.SuiteRunnerWorker.runSuite(SuiteRunnerWorker.java:52)
	at org.testng.SuiteRunnerWorker.run(SuiteRunnerWorker.java:86)
	at org.testng.TestNG.runSuitesSequentially(TestNG.java:1224)
	at org.testng.TestNG.runSuitesLocally(TestNG.java:1149)
	at org.testng.TestNG.run(TestNG.java:1057)
	at org.testng.IDEARemoteTestNG.run(IDEARemoteTestNG.java:72)
	at org.testng.RemoteTestNGStarter.main(RemoteTestNGStarter.java:123)
</pre></pre></td>
                                                    </tr>
                                                    <tr>
                                                        <td>Apr 25, 2019 04:36:07 PM</td>
                                                        <td class='linked' test-id='7'>1方案全国号码_区域为CN_返回全国数据</td>
                                                        <td><pre><pre>java.lang.AssertionError: 不匹配 expected [0] but found [1]
	at org.testng.Assert.fail(Assert.java:94)
	at org.testng.Assert.failNotEquals(Assert.java:494)
	at org.testng.Assert.assertEquals(Assert.java:123)
	at org.testng.Assert.assertEquals(Assert.java:176)
	at TestCase.excuseTest.ExcuseNewPub_Identify.test(ExcuseNewPub_Identify.java:154)
	at sun.reflect.NativeMethodAccessorImpl.invoke0(Native Method)
	at sun.reflect.NativeMethodAccessorImpl.invoke(NativeMethodAccessorImpl.java:62)
	at sun.reflect.DelegatingMethodAccessorImpl.invoke(DelegatingMethodAccessorImpl.java:43)
	at java.lang.reflect.Method.invoke(Method.java:498)
	at org.testng.internal.MethodInvocationHelper.invokeMethod(MethodInvocationHelper.java:85)
	at org.testng.internal.Invoker.invokeMethod(Invoker.java:696)
	at org.testng.internal.Invoker.invokeTestMethod(Invoker.java:882)
	at org.testng.internal.Invoker.invokeTestMethods(Invoker.java:1189)
	at org.testng.internal.TestMethodWorker.invokeTestMethods(TestMethodWorker.java:124)
	at org.testng.internal.TestMethodWorker.run(TestMethodWorker.java:108)
	at org.testng.TestRunner.privateRun(TestRunner.java:767)
	at org.testng.TestRunner.run(TestRunner.java:617)
	at org.testng.SuiteRunner.runTest(SuiteRunner.java:348)
	at org.testng.SuiteRunner.runSequentially(SuiteRunner.java:343)
	at org.testng.SuiteRunner.privateRun(SuiteRunner.java:305)
	at org.testng.SuiteRunner.run(SuiteRunner.java:254)
	at org.testng.SuiteRunnerWorker.runSuite(SuiteRunnerWorker.java:52)
	at org.testng.SuiteRunnerWorker.run(SuiteRunnerWorker.java:86)
	at org.testng.TestNG.runSuitesSequentially(TestNG.java:1224)
	at org.testng.TestNG.runSuitesLocally(TestNG.java:1149)
	at org.testng.TestNG.run(TestNG.java:1057)
	at org.testng.IDEARemoteTestNG.run(IDEARemoteTestNG.java:72)
	at org.testng.RemoteTestNGStarter.main(RemoteTestNGStarter.java:123)
</pre></pre></td>
                                                    </tr>
                                                    <tr>
                                                        <td>Apr 25, 2019 04:36:07 PM</td>
                                                        <td class='linked' test-id='8'>1方案号码仅上线HUAWEI2_请求HUAWEI2_正常返回</td>
                                                        <td><pre><pre>java.lang.AssertionError: 不匹配 expected [0] but found [1]
	at org.testng.Assert.fail(Assert.java:94)
	at org.testng.Assert.failNotEquals(Assert.java:494)
	at org.testng.Assert.assertEquals(Assert.java:123)
	at org.testng.Assert.assertEquals(Assert.java:176)
	at TestCase.excuseTest.ExcuseNewPub_Identify.test(ExcuseNewPub_Identify.java:154)
	at sun.reflect.NativeMethodAccessorImpl.invoke0(Native Method)
	at sun.reflect.NativeMethodAccessorImpl.invoke(NativeMethodAccessorImpl.java:62)
	at sun.reflect.DelegatingMethodAccessorImpl.invoke(DelegatingMethodAccessorImpl.java:43)
	at java.lang.reflect.Method.invoke(Method.java:498)
	at org.testng.internal.MethodInvocationHelper.invokeMethod(MethodInvocationHelper.java:85)
	at org.testng.internal.Invoker.invokeMethod(Invoker.java:696)
	at org.testng.internal.Invoker.invokeTestMethod(Invoker.java:882)
	at org.testng.internal.Invoker.invokeTestMethods(Invoker.java:1189)
	at org.testng.internal.TestMethodWorker.invokeTestMethods(TestMethodWorker.java:124)
	at org.testng.internal.TestMethodWorker.run(TestMethodWorker.java:108)
	at org.testng.TestRunner.privateRun(TestRunner.java:767)
	at org.testng.TestRunner.run(TestRunner.java:617)
	at org.testng.SuiteRunner.runTest(SuiteRunner.java:348)
	at org.testng.SuiteRunner.runSequentially(SuiteRunner.java:343)
	at org.testng.SuiteRunner.privateRun(SuiteRunner.java:305)
	at org.testng.SuiteRunner.run(SuiteRunner.java:254)
	at org.testng.SuiteRunnerWorker.runSuite(SuiteRunnerWorker.java:52)
	at org.testng.SuiteRunnerWorker.run(SuiteRunnerWorker.java:86)
	at org.testng.TestNG.runSuitesSequentially(TestNG.java:1224)
	at org.testng.TestNG.runSuitesLocally(TestNG.java:1149)
	at org.testng.TestNG.run(TestNG.java:1057)
	at org.testng.IDEARemoteTestNG.run(IDEARemoteTestNG.java:72)
	at org.testng.RemoteTestNGStarter.main(RemoteTestNGStarter.java:123)
</pre></pre></td>
                                                    </tr>
                                                    <tr>
                                                        <td>Apr 25, 2019 04:36:08 PM</td>
                                                        <td class='linked' test-id='9'>N方案号码仅上线HUAWEI2_请求HUAWEI2_正常返回</td>
                                                        <td><pre><pre>java.lang.AssertionError: 不匹配 expected [0] but found [1]
	at org.testng.Assert.fail(Assert.java:94)
	at org.testng.Assert.failNotEquals(Assert.java:494)
	at org.testng.Assert.assertEquals(Assert.java:123)
	at org.testng.Assert.assertEquals(Assert.java:176)
	at TestCase.excuseTest.ExcuseNewPub_Identify.test(ExcuseNewPub_Identify.java:154)
	at sun.reflect.NativeMethodAccessorImpl.invoke0(Native Method)
	at sun.reflect.NativeMethodAccessorImpl.invoke(NativeMethodAccessorImpl.java:62)
	at sun.reflect.DelegatingMethodAccessorImpl.invoke(DelegatingMethodAccessorImpl.java:43)
	at java.lang.reflect.Method.invoke(Method.java:498)
	at org.testng.internal.MethodInvocationHelper.invokeMethod(MethodInvocationHelper.java:85)
	at org.testng.internal.Invoker.invokeMethod(Invoker.java:696)
	at org.testng.internal.Invoker.invokeTestMethod(Invoker.java:882)
	at org.testng.internal.Invoker.invokeTestMethods(Invoker.java:1189)
	at org.testng.internal.TestMethodWorker.invokeTestMethods(TestMethodWorker.java:124)
	at org.testng.internal.TestMethodWorker.run(TestMethodWorker.java:108)
	at org.testng.TestRunner.privateRun(TestRunner.java:767)
	at org.testng.TestRunner.run(TestRunner.java:617)
	at org.testng.SuiteRunner.runTest(SuiteRunner.java:348)
	at org.testng.SuiteRunner.runSequentially(SuiteRunner.java:343)
	at org.testng.SuiteRunner.privateRun(SuiteRunner.java:305)
	at org.testng.SuiteRunner.run(SuiteRunner.java:254)
	at org.testng.SuiteRunnerWorker.runSuite(SuiteRunnerWorker.java:52)
	at org.testng.SuiteRunnerWorker.run(SuiteRunnerWorker.java:86)
	at org.testng.TestNG.runSuitesSequentially(TestNG.java:1224)
	at org.testng.TestNG.runSuitesLocally(TestNG.java:1149)
	at org.testng.TestNG.run(TestNG.java:1057)
	at org.testng.IDEARemoteTestNG.run(IDEARemoteTestNG.java:72)
	at org.testng.RemoteTestNGStarter.main(RemoteTestNGStarter.java:123)
</pre></pre></td>
                                                    </tr>
                                                    <tr>
                                                        <td>Apr 25, 2019 04:36:08 PM</td>
                                                        <td class='linked' test-id='10'>可签名可区域号码_正确签名_返回签名对应企业</td>
                                                        <td><pre><pre>java.lang.AssertionError: 不匹配 expected [0] but found [1]
	at org.testng.Assert.fail(Assert.java:94)
	at org.testng.Assert.failNotEquals(Assert.java:494)
	at org.testng.Assert.assertEquals(Assert.java:123)
	at org.testng.Assert.assertEquals(Assert.java:176)
	at TestCase.excuseTest.ExcuseNewPub_Identify.test(ExcuseNewPub_Identify.java:154)
	at sun.reflect.NativeMethodAccessorImpl.invoke0(Native Method)
	at sun.reflect.NativeMethodAccessorImpl.invoke(NativeMethodAccessorImpl.java:62)
	at sun.reflect.DelegatingMethodAccessorImpl.invoke(DelegatingMethodAccessorImpl.java:43)
	at java.lang.reflect.Method.invoke(Method.java:498)
	at org.testng.internal.MethodInvocationHelper.invokeMethod(MethodInvocationHelper.java:85)
	at org.testng.internal.Invoker.invokeMethod(Invoker.java:696)
	at org.testng.internal.Invoker.invokeTestMethod(Invoker.java:882)
	at org.testng.internal.Invoker.invokeTestMethods(Invoker.java:1189)
	at org.testng.internal.TestMethodWorker.invokeTestMethods(TestMethodWorker.java:124)
	at org.testng.internal.TestMethodWorker.run(TestMethodWorker.java:108)
	at org.testng.TestRunner.privateRun(TestRunner.java:767)
	at org.testng.TestRunner.run(TestRunner.java:617)
	at org.testng.SuiteRunner.runTest(SuiteRunner.java:348)
	at org.testng.SuiteRunner.runSequentially(SuiteRunner.java:343)
	at org.testng.SuiteRunner.privateRun(SuiteRunner.java:305)
	at org.testng.SuiteRunner.run(SuiteRunner.java:254)
	at org.testng.SuiteRunnerWorker.runSuite(SuiteRunnerWorker.java:52)
	at org.testng.SuiteRunnerWorker.run(SuiteRunnerWorker.java:86)
	at org.testng.TestNG.runSuitesSequentially(TestNG.java:1224)
	at org.testng.TestNG.runSuitesLocally(TestNG.java:1149)
	at org.testng.TestNG.run(TestNG.java:1057)
	at org.testng.IDEARemoteTestNG.run(IDEARemoteTestNG.java:72)
	at org.testng.RemoteTestNGStarter.main(RemoteTestNGStarter.java:123)
</pre></pre></td>
                                                    </tr>
                                                    <tr>
                                                        <td>Apr 25, 2019 04:36:08 PM</td>
                                                        <td class='linked' test-id='11'>可签名可区域号码_错误签名正确区域_返回区域对应企业</td>
                                                        <td><pre><pre>java.lang.AssertionError: 不匹配 expected [0] but found [1]
	at org.testng.Assert.fail(Assert.java:94)
	at org.testng.Assert.failNotEquals(Assert.java:494)
	at org.testng.Assert.assertEquals(Assert.java:123)
	at org.testng.Assert.assertEquals(Assert.java:176)
	at TestCase.excuseTest.ExcuseNewPub_Identify.test(ExcuseNewPub_Identify.java:154)
	at sun.reflect.NativeMethodAccessorImpl.invoke0(Native Method)
	at sun.reflect.NativeMethodAccessorImpl.invoke(NativeMethodAccessorImpl.java:62)
	at sun.reflect.DelegatingMethodAccessorImpl.invoke(DelegatingMethodAccessorImpl.java:43)
	at java.lang.reflect.Method.invoke(Method.java:498)
	at org.testng.internal.MethodInvocationHelper.invokeMethod(MethodInvocationHelper.java:85)
	at org.testng.internal.Invoker.invokeMethod(Invoker.java:696)
	at org.testng.internal.Invoker.invokeTestMethod(Invoker.java:882)
	at org.testng.internal.Invoker.invokeTestMethods(Invoker.java:1189)
	at org.testng.internal.TestMethodWorker.invokeTestMethods(TestMethodWorker.java:124)
	at org.testng.internal.TestMethodWorker.run(TestMethodWorker.java:108)
	at org.testng.TestRunner.privateRun(TestRunner.java:767)
	at org.testng.TestRunner.run(TestRunner.java:617)
	at org.testng.SuiteRunner.runTest(SuiteRunner.java:348)
	at org.testng.SuiteRunner.runSequentially(SuiteRunner.java:343)
	at org.testng.SuiteRunner.privateRun(SuiteRunner.java:305)
	at org.testng.SuiteRunner.run(SuiteRunner.java:254)
	at org.testng.SuiteRunnerWorker.runSuite(SuiteRunnerWorker.java:52)
	at org.testng.SuiteRunnerWorker.run(SuiteRunnerWorker.java:86)
	at org.testng.TestNG.runSuitesSequentially(TestNG.java:1224)
	at org.testng.TestNG.runSuitesLocally(TestNG.java:1149)
	at org.testng.TestNG.run(TestNG.java:1057)
	at org.testng.IDEARemoteTestNG.run(IDEARemoteTestNG.java:72)
	at org.testng.RemoteTestNGStarter.main(RemoteTestNGStarter.java:123)
</pre></pre></td>
                                                    </tr>
                                        </tbody>
                                    </table>
                                </div>
                            </div>
                        </li>
                </ul>
        </div>
    </div>

    <div class='subview-right left'>
        <div class='view-summary'>
            <h5 class='exception-name'></h5>
        </div>
    </div>
</div>
<!-- exception view -->
<div id='dashboard-view' class='view hide'>
	<div class='card-panel transparent np-v'>
		<h5>Dashboard</h5>

		<div class='row'>
			<div class='col s2'>
				<div class='card-panel r'>
					Tests
					<div class='panel-lead'>13</div>
				</div>
			</div>
			<div class='col s2'>
				<div class='card-panel r'>
					Steps
					<div class='panel-lead'>13</div>
				</div>
			</div>
			<div class='col s2'>
				<div class='card-panel r'>
					Start
					<div class='panel-lead'>Apr 25, 2019 04:36:05 PM</div>
				</div>
			</div>
			<div class='col s2'>
				<div class='card-panel r'>
			 		End
			 		<div class='panel-lead'>Apr 25, 2019 04:36:07 PM</div>
				</div>
			</div>
			<div class='col s2'>
				<div class='card-panel r'>
					Time Taken
					<div class='panel-lead'>1,194ms</div>
				</div>
			</div>
		</div>
	</div>
</div>
<!-- dashboard view -->
<!-- testrunner-logs view -->
		</div>
		<!-- container -->

		<script>
			var statusGroup = {
				passParent: 2,
				failParent: 11,
				fatalParent: 0,
				errorParent: 0,
				warningParent: 0,
				skipParent: 0,
				exceptionsParent: 11,
				
				passChild: 2,
				failChild: 11,
				fatalChild: 0,
				errorChild: 0,
				warningChild: 0,
				skipChild: 0,
				infoChild: 0,
				exceptionsChild: 132,
				
				passGrandChild: 0,
				failGrandChild: 0,
				fatalGrandChild: 0,
				errorGrandChild: 0,
				warningGrandChild: 0,
				skipGrandChild: 0,
				infoGrandChild: 0,
				exceptionsGrandChild: 0,
			};
		</script>
		
			<script src='http://extentreports.com/resx/dist/js/extent.js' type='text/javascript'></script>
		
		
	</body>
	
</html>
